Using pre-set license
Built from '2021.3/staging' branch; Version is '2021.3.15f1 (e8e88683f834) revision 15263878'; Using compiler version '192829333'; Build Type 'Release'
OS: 'Windows 11  (10.0.22621) 64bit Core' Language: 'en' Physical Memory: 32635 MB
BatchMode: 1, IsHumanControllingUs: 0, StartBugReporterOnCrash: 0, Is64bit: 1, IsPro: 1

COMMAND LINE ARGUMENTS:
C:\Program Files\Unity\Hub\Editor\2021.3.15f1\Editor\Unity.exe
-adb2
-batchMode
-noUpm
-name
AssetImportWorker5
-projectPath
C:/Users/mattf/Cane 2021
-logFile
Logs/AssetImportWorker5.log
-srvPort
53852
Successfully changed project path to: C:/Users/mattf/Cane 2021
C:/Users/mattf/Cane 2021
[UnityMemory] Configuration Parameters - Can be set up in boot.config
    "memorysetup-bucket-allocator-granularity=16"
    "memorysetup-bucket-allocator-bucket-count=8"
    "memorysetup-bucket-allocator-block-size=33554432"
    "memorysetup-bucket-allocator-block-count=8"
    "memorysetup-main-allocator-block-size=16777216"
    "memorysetup-thread-allocator-block-size=16777216"
    "memorysetup-gfx-main-allocator-block-size=16777216"
    "memorysetup-gfx-thread-allocator-block-size=16777216"
    "memorysetup-cache-allocator-block-size=4194304"
    "memorysetup-typetree-allocator-block-size=2097152"
    "memorysetup-profiler-bucket-allocator-granularity=16"
    "memorysetup-profiler-bucket-allocator-bucket-count=8"
    "memorysetup-profiler-bucket-allocator-block-size=33554432"
    "memorysetup-profiler-bucket-allocator-block-count=8"
    "memorysetup-profiler-allocator-block-size=16777216"
    "memorysetup-profiler-editor-allocator-block-size=1048576"
    "memorysetup-temp-allocator-size-main=16777216"
    "memorysetup-job-temp-allocator-block-size=2097152"
    "memorysetup-job-temp-allocator-block-size-background=1048576"
    "memorysetup-job-temp-allocator-reduction-small-platforms=262144"
    "memorysetup-temp-allocator-size-background-worker=32768"
    "memorysetup-temp-allocator-size-job-worker=262144"
    "memorysetup-temp-allocator-size-preload-manager=33554432"
    "memorysetup-temp-allocator-size-nav-mesh-worker=65536"
    "memorysetup-temp-allocator-size-audio-worker=65536"
    "memorysetup-temp-allocator-size-cloud-worker=32768"
    "memorysetup-temp-allocator-size-gi-baking-worker=262144"
    "memorysetup-temp-allocator-size-gfx=262144"
Player connection [16472] Host "[IP] 10.65.165.150 [Port] 0 [Flags] 2 [Guid] 2467399502 [EditorId] 2467399502 [Version] 1048832 [Id] WindowsEditor(7,Madcade) [Debug] 1 [PackageName] WindowsEditor [ProjectName] Editor" joined multi-casting on [225.0.0.222:54997]...

Player connection [16472] Host "[IP] 10.65.165.150 [Port] 0 [Flags] 2 [Guid] 2467399502 [EditorId] 2467399502 [Version] 1048832 [Id] WindowsEditor(7,Madcade) [Debug] 1 [PackageName] WindowsEditor [ProjectName] Editor" joined alternative multi-casting on [225.0.0.222:34997]...

Refreshing native plugins compatible for Editor in 72.98 ms, found 3 plugins.
Preloading 0 native plugins for Editor in 0.00 ms.
Initialize engine version: 2021.3.15f1 (e8e88683f834)
[Subsystems] Discovering subsystems at path C:/Program Files/Unity/Hub/Editor/2021.3.15f1/Editor/Data/Resources/UnitySubsystems
[Subsystems] Discovering subsystems at path C:/Users/mattf/Cane 2021/Assets
GfxDevice: creating device client; threaded=0; jobified=0
Direct3D:
    Version:  Direct3D 11.0 [level 11.1]
    Renderer: NVIDIA GeForce RTX 2060 (ID=0x1f08)
    Vendor:   NVIDIA
    VRAM:     5980 MB
    Driver:   30.0.15.1179
Initialize mono
Mono path[0] = 'C:/Program Files/Unity/Hub/Editor/2021.3.15f1/Editor/Data/Managed'
Mono path[1] = 'C:/Program Files/Unity/Hub/Editor/2021.3.15f1/Editor/Data/MonoBleedingEdge/lib/mono/unityjit-win32'
Mono config path = 'C:/Program Files/Unity/Hub/Editor/2021.3.15f1/Editor/Data/MonoBleedingEdge/etc'
Using monoOptions --debugger-agent=transport=dt_socket,embedding=1,server=y,suspend=n,address=127.0.0.1:56960
Begin MonoManager ReloadAssembly
Registering precompiled unity dll's ...
Register platform support module: C:/Program Files/Unity/Hub/Editor/2021.3.15f1/Editor/Data/PlaybackEngines/WebGLSupport/UnityEditor.WebGL.Extensions.dll
Register platform support module: C:/Program Files/Unity/Hub/Editor/2021.3.15f1/Editor/Data/PlaybackEngines/WindowsStandaloneSupport/UnityEditor.WindowsStandalone.Extensions.dll
Registered in 0.003068 seconds.
Native extension for WindowsStandalone target not found
Native extension for WebGL target not found
Refreshing native plugins compatible for Editor in 84.29 ms, found 3 plugins.
Preloading 0 native plugins for Editor in 0.00 ms.
Mono: successfully reloaded assembly
- Completed reload, in  0.541 seconds
Domain Reload Profiling:
	ReloadAssembly (541ms)
		BeginReloadAssembly (58ms)
			ExecutionOrderSort (0ms)
			DisableScriptedObjects (0ms)
			BackupInstance (0ms)
			ReleaseScriptingObjects (0ms)
			CreateAndSetChildDomain (1ms)
		EndReloadAssembly (394ms)
			LoadAssemblies (57ms)
			RebuildTransferFunctionScriptingTraits (0ms)
			SetupTypeCache (98ms)
			ReleaseScriptCaches (0ms)
			RebuildScriptCaches (23ms)
			SetupLoadedEditorAssemblies (236ms)
				LogAssemblyErrors (0ms)
				InitializePlatformSupportModulesInManaged (6ms)
				SetLoadedEditorAssemblies (0ms)
				RefreshPlugins (84ms)
				BeforeProcessingInitializeOnLoad (2ms)
				ProcessInitializeOnLoadAttributes (109ms)
				ProcessInitializeOnLoadMethodAttributes (35ms)
				AfterProcessingInitializeOnLoad (0ms)
				EditorAssembliesLoaded (0ms)
			ExecutionOrderSort2 (0ms)
			AwakeInstancesAfterBackupRestoration (0ms)
Platform modules already initialized, skipping
Registering precompiled user dll's ...
Registered in 0.003557 seconds.
Begin MonoManager ReloadAssembly
Symbol file LoadedFromMemory doesn't match image C:\Users\mattf\Cane 2021\Library\PackageCache\com.unity.visualscripting@1.7.8\Editor\VisualScripting.Core\Dependencies\YamlDotNet\Unity.VisualScripting.YamlDotNet.dll
Symbol file LoadedFromMemory doesn't match image C:\Users\mattf\Cane 2021\Library\PackageCache\com.unity.visualscripting@1.7.8\Editor\VisualScripting.Core\Dependencies\DotNetZip\Unity.VisualScripting.IonicZip.dll
Native extension for WindowsStandalone target not found
Native extension for WebGL target not found
Refreshing native plugins compatible for Editor in 0.51 ms, found 3 plugins.
Preloading 0 native plugins for Editor in 0.00 ms.
Mono: successfully reloaded assembly
- Completed reload, in  0.819 seconds
Domain Reload Profiling:
	ReloadAssembly (820ms)
		BeginReloadAssembly (83ms)
			ExecutionOrderSort (0ms)
			DisableScriptedObjects (6ms)
			BackupInstance (0ms)
			ReleaseScriptingObjects (0ms)
			CreateAndSetChildDomain (15ms)
		EndReloadAssembly (637ms)
			LoadAssemblies (58ms)
			RebuildTransferFunctionScriptingTraits (0ms)
			SetupTypeCache (217ms)
			ReleaseScriptCaches (0ms)
			RebuildScriptCaches (40ms)
			SetupLoadedEditorAssemblies (287ms)
				LogAssemblyErrors (0ms)
				InitializePlatformSupportModulesInManaged (5ms)
				SetLoadedEditorAssemblies (0ms)
				RefreshPlugins (1ms)
				BeforeProcessingInitializeOnLoad (74ms)
				ProcessInitializeOnLoadAttributes (183ms)
				ProcessInitializeOnLoadMethodAttributes (19ms)
				AfterProcessingInitializeOnLoad (4ms)
				EditorAssembliesLoaded (0ms)
			ExecutionOrderSort2 (0ms)
			AwakeInstancesAfterBackupRestoration (4ms)
Platform modules already initialized, skipping
========================================================================
Worker process is ready to serve import requests
Launched and connected shader compiler UnityShaderCompiler.exe after 0.03 seconds
Refreshing native plugins compatible for Editor in 0.70 ms, found 3 plugins.
Preloading 0 native plugins for Editor in 0.00 ms.
Unloading 3412 Unused Serialized files (Serialized files now loaded: 0)
Unloading 27 unused Assets / (114.0 KB). Loaded Objects now: 3875.
Memory consumption went from 121.3 MB to 121.2 MB.
Total: 2.493100 ms (FindLiveObjects: 0.206200 ms CreateObjectMapping: 0.098700 ms MarkObjects: 2.087900 ms  DeleteObjects: 0.099600 ms)

AssetImportParameters requested are different than current active one (requested -> active):
  custom:video-decoder-ogg-theora: a1e56fd34408186e4bbccfd4996cb3dc -> 
  custom:container-muxer-webm: aa71ff27fc2769a1b78a27578f13a17b -> 
  custom:container-demuxer-webm: 4f35f7cbe854078d1ac9338744f61a02 -> 
  custom:video-encoder-webm-vp8: eb34c28f22e8b96e1ab97ce403110664 -> 
  custom:audio-encoder-webm-vorbis: bf7c407c2cedff20999df2af8eb42d56 -> 
  custom:framework-win-MediaFoundation: 216162199b28c13a410421893ffa2e32 -> 
  custom:container-demuxer-ogg: 62fdf1f143b41e24485cea50d1cbac27 -> 
  custom:video-decoder-webm-vp8: 9c59270c3fd7afecdb556c50c9e8de78 -> 
  custom:audio-decoder-ogg-vorbis: bf7c407c2cedff20999df2af8eb42d56 -> 
========================================================================
Received Import Request.
  Time since last request: 1292910.862662 seconds.
  path: Assets/Forces&PhysicsLab/Examples/PhysicsMaterials/MaxFriction.physicMaterial
  artifactKey: Guid(e52fb17f9b1e7fd48b8955f1391d3688) Importer(815301076,1909f56bfc062723c751e8b465ee728b)
Start importing Assets/Forces&PhysicsLab/Examples/PhysicsMaterials/MaxFriction.physicMaterial using Guid(e52fb17f9b1e7fd48b8955f1391d3688) Importer(815301076,1909f56bfc062723c751e8b465ee728b)  -> (artifact id: 'ebd1ca18c945aab2b2e274b1207fd109') in 0.037906 seconds 
========================================================================
Received Import Request.
  Time since last request: 3.550918 seconds.
  path: Assets/Forces&PhysicsLab/Examples/Models/Collider.FBX
  artifactKey: Guid(243ee27d3ab2931498950108a647378f) Importer(815301076,1909f56bfc062723c751e8b465ee728b)
Start importing Assets/Forces&PhysicsLab/Examples/Models/Collider.FBX using Guid(243ee27d3ab2931498950108a647378f) Importer(815301076,1909f56bfc062723c751e8b465ee728b)  -> (artifact id: 'ab85a03c40d5eaf473cd0faa7f454b4c') in 0.099162 seconds 
========================================================================
Received Import Request.
  Time since last request: 2.694643 seconds.
  path: Assets/Forces&PhysicsLab/Examples/Materials/Rubber.mat
  artifactKey: Guid(778887b9bd23dc849b3eda6e3430f928) Importer(815301076,1909f56bfc062723c751e8b465ee728b)
Start importing Assets/Forces&PhysicsLab/Examples/Materials/Rubber.mat using Guid(778887b9bd23dc849b3eda6e3430f928) Importer(815301076,1909f56bfc062723c751e8b465ee728b)  -> (artifact id: '0c2e8a201575ed739bad9c00bd5e2fa2') in 0.022728 seconds 
========================================================================
Received Import Request.
  Time since last request: 0.000025 seconds.
  path: Assets/Forces&PhysicsLab/Examples/Materials/Wood.mat
  artifactKey: Guid(dc676ea249f0b5442be37256e46b53b5) Importer(815301076,1909f56bfc062723c751e8b465ee728b)
Start importing Assets/Forces&PhysicsLab/Examples/Materials/Wood.mat using Guid(dc676ea249f0b5442be37256e46b53b5) Importer(815301076,1909f56bfc062723c751e8b465ee728b)  -> (artifact id: 'e5a11de2756bc68c211d4ed72cb8da80') in 0.012946 seconds 
========================================================================
Received Import Request.
  Time since last request: 0.000031 seconds.
  path: Assets/Forces&PhysicsLab/Examples/Materials/White.mat
  artifactKey: Guid(898afb21492869e4ebe65fd4dd8786b4) Importer(815301076,1909f56bfc062723c751e8b465ee728b)
Start importing Assets/Forces&PhysicsLab/Examples/Materials/White.mat using Guid(898afb21492869e4ebe65fd4dd8786b4) Importer(815301076,1909f56bfc062723c751e8b465ee728b)  -> (artifact id: '8e59e6b2c9e0de4ab8a9b2215aa43219') in 0.012363 seconds 
========================================================================
Received Prepare
Registering precompiled user dll's ...
Registered in 0.003568 seconds.
Begin MonoManager ReloadAssembly
Symbol file LoadedFromMemory doesn't match image C:\Users\mattf\Cane 2021\Library\PackageCache\com.unity.visualscripting@1.7.8\Editor\VisualScripting.Core\Dependencies\YamlDotNet\Unity.VisualScripting.YamlDotNet.dll
Symbol file LoadedFromMemory doesn't match image C:\Users\mattf\Cane 2021\Library\PackageCache\com.unity.visualscripting@1.7.8\Editor\VisualScripting.Core\Dependencies\DotNetZip\Unity.VisualScripting.IonicZip.dll
Native extension for WindowsStandalone target not found
Native extension for WebGL target not found
Refreshing native plugins compatible for Editor in 0.86 ms, found 3 plugins.
Preloading 0 native plugins for Editor in 0.00 ms.
Mono: successfully reloaded assembly
- Completed reload, in  0.911 seconds
Domain Reload Profiling:
	ReloadAssembly (912ms)
		BeginReloadAssembly (109ms)
			ExecutionOrderSort (0ms)
			DisableScriptedObjects (3ms)
			BackupInstance (0ms)
			ReleaseScriptingObjects (0ms)
			CreateAndSetChildDomain (32ms)
		EndReloadAssembly (725ms)
			LoadAssemblies (63ms)
			RebuildTransferFunctionScriptingTraits (0ms)
			SetupTypeCache (257ms)
			ReleaseScriptCaches (1ms)
			RebuildScriptCaches (47ms)
			SetupLoadedEditorAssemblies (311ms)
				LogAssemblyErrors (0ms)
				InitializePlatformSupportModulesInManaged (16ms)
				SetLoadedEditorAssemblies (0ms)
				RefreshPlugins (1ms)
				BeforeProcessingInitializeOnLoad (64ms)
				ProcessInitializeOnLoadAttributes (202ms)
				ProcessInitializeOnLoadMethodAttributes (24ms)
				AfterProcessingInitializeOnLoad (4ms)
				EditorAssembliesLoaded (0ms)
			ExecutionOrderSort2 (0ms)
			AwakeInstancesAfterBackupRestoration (6ms)
Platform modules already initialized, skipping
Refreshing native plugins compatible for Editor in 1.64 ms, found 3 plugins.
Preloading 0 native plugins for Editor in 0.00 ms.
Unloading 3405 Unused Serialized files (Serialized files now loaded: 0)
Unloading 20 unused Assets / (81.0 KB). Loaded Objects now: 3923.
Memory consumption went from 125.8 MB to 125.7 MB.
Total: 3.038900 ms (FindLiveObjects: 0.289400 ms CreateObjectMapping: 0.188800 ms MarkObjects: 2.469400 ms  DeleteObjects: 0.089800 ms)

AssetImportParameters requested are different than current active one (requested -> active):
  custom:video-decoder-ogg-theora: a1e56fd34408186e4bbccfd4996cb3dc -> 
  custom:container-muxer-webm: aa71ff27fc2769a1b78a27578f13a17b -> 
  custom:container-demuxer-webm: 4f35f7cbe854078d1ac9338744f61a02 -> 
  custom:video-encoder-webm-vp8: eb34c28f22e8b96e1ab97ce403110664 -> 
  custom:audio-encoder-webm-vorbis: bf7c407c2cedff20999df2af8eb42d56 -> 
  custom:framework-win-MediaFoundation: 216162199b28c13a410421893ffa2e32 -> 
  custom:container-demuxer-ogg: 62fdf1f143b41e24485cea50d1cbac27 -> 
  custom:video-decoder-webm-vp8: 9c59270c3fd7afecdb556c50c9e8de78 -> 
  custom:audio-decoder-ogg-vorbis: bf7c407c2cedff20999df2af8eb42d56 -> 
========================================================================
Received Prepare
Registering precompiled user dll's ...
Registered in 0.003968 seconds.
Begin MonoManager ReloadAssembly
Symbol file LoadedFromMemory doesn't match image C:\Users\mattf\Cane 2021\Library\PackageCache\com.unity.visualscripting@1.7.8\Editor\VisualScripting.Core\Dependencies\YamlDotNet\Unity.VisualScripting.YamlDotNet.dll
Symbol file LoadedFromMemory doesn't match image C:\Users\mattf\Cane 2021\Library\PackageCache\com.unity.visualscripting@1.7.8\Editor\VisualScripting.Core\Dependencies\DotNetZip\Unity.VisualScripting.IonicZip.dll
Native extension for WindowsStandalone target not found
Native extension for WebGL target not found
Refreshing native plugins compatible for Editor in 0.83 ms, found 3 plugins.
Preloading 0 native plugins for Editor in 0.00 ms.
Mono: successfully reloaded assembly
- Completed reload, in  0.902 seconds
Domain Reload Profiling:
	ReloadAssembly (903ms)
		BeginReloadAssembly (107ms)
			ExecutionOrderSort (0ms)
			DisableScriptedObjects (4ms)
			BackupInstance (0ms)
			ReleaseScriptingObjects (0ms)
			CreateAndSetChildDomain (29ms)
		EndReloadAssembly (709ms)
			LoadAssemblies (60ms)
			RebuildTransferFunctionScriptingTraits (0ms)
			SetupTypeCache (260ms)
			ReleaseScriptCaches (1ms)
			RebuildScriptCaches (42ms)
			SetupLoadedEditorAssemblies (298ms)
				LogAssemblyErrors (0ms)
				InitializePlatformSupportModulesInManaged (14ms)
				SetLoadedEditorAssemblies (1ms)
				RefreshPlugins (1ms)
				BeforeProcessingInitializeOnLoad (63ms)
				ProcessInitializeOnLoadAttributes (192ms)
				ProcessInitializeOnLoadMethodAttributes (23ms)
				AfterProcessingInitializeOnLoad (4ms)
				EditorAssembliesLoaded (0ms)
			ExecutionOrderSort2 (0ms)
			AwakeInstancesAfterBackupRestoration (7ms)
Platform modules already initialized, skipping
Refreshing native plugins compatible for Editor in 1.46 ms, found 3 plugins.
Preloading 0 native plugins for Editor in 0.00 ms.
Unloading 3405 Unused Serialized files (Serialized files now loaded: 0)
Unloading 20 unused Assets / (81.0 KB). Loaded Objects now: 3926.
Memory consumption went from 125.8 MB to 125.7 MB.
Total: 2.938500 ms (FindLiveObjects: 0.364900 ms CreateObjectMapping: 0.132400 ms MarkObjects: 2.350900 ms  DeleteObjects: 0.089000 ms)

AssetImportParameters requested are different than current active one (requested -> active):
  custom:video-decoder-ogg-theora: a1e56fd34408186e4bbccfd4996cb3dc -> 
  custom:container-muxer-webm: aa71ff27fc2769a1b78a27578f13a17b -> 
  custom:container-demuxer-webm: 4f35f7cbe854078d1ac9338744f61a02 -> 
  custom:video-encoder-webm-vp8: eb34c28f22e8b96e1ab97ce403110664 -> 
  custom:audio-encoder-webm-vorbis: bf7c407c2cedff20999df2af8eb42d56 -> 
  custom:framework-win-MediaFoundation: 216162199b28c13a410421893ffa2e32 -> 
  custom:container-demuxer-ogg: 62fdf1f143b41e24485cea50d1cbac27 -> 
  custom:video-decoder-webm-vp8: 9c59270c3fd7afecdb556c50c9e8de78 -> 
  custom:audio-decoder-ogg-vorbis: bf7c407c2cedff20999df2af8eb42d56 -> 
========================================================================
Received Prepare
Registering precompiled user dll's ...
Registered in 0.003364 seconds.
Begin MonoManager ReloadAssembly
Symbol file LoadedFromMemory doesn't match image C:\Users\mattf\Cane 2021\Library\PackageCache\com.unity.visualscripting@1.7.8\Editor\VisualScripting.Core\Dependencies\YamlDotNet\Unity.VisualScripting.YamlDotNet.dll
Symbol file LoadedFromMemory doesn't match image C:\Users\mattf\Cane 2021\Library\PackageCache\com.unity.visualscripting@1.7.8\Editor\VisualScripting.Core\Dependencies\DotNetZip\Unity.VisualScripting.IonicZip.dll
Native extension for WindowsStandalone target not found
Native extension for WebGL target not found
Refreshing native plugins compatible for Editor in 0.63 ms, found 3 plugins.
Preloading 0 native plugins for Editor in 0.00 ms.
Mono: successfully reloaded assembly
- Completed reload, in  0.851 seconds
Domain Reload Profiling:
	ReloadAssembly (851ms)
		BeginReloadAssembly (106ms)
			ExecutionOrderSort (0ms)
			DisableScriptedObjects (7ms)
			BackupInstance (0ms)
			ReleaseScriptingObjects (0ms)
			CreateAndSetChildDomain (30ms)
		EndReloadAssembly (670ms)
			LoadAssemblies (59ms)
			RebuildTransferFunctionScriptingTraits (0ms)
			SetupTypeCache (243ms)
			ReleaseScriptCaches (1ms)
			RebuildScriptCaches (34ms)
			SetupLoadedEditorAssemblies (289ms)
				LogAssemblyErrors (0ms)
				InitializePlatformSupportModulesInManaged (10ms)
				SetLoadedEditorAssemblies (0ms)
				RefreshPlugins (1ms)
				BeforeProcessingInitializeOnLoad (59ms)
				ProcessInitializeOnLoadAttributes (192ms)
				ProcessInitializeOnLoadMethodAttributes (22ms)
				AfterProcessingInitializeOnLoad (4ms)
				EditorAssembliesLoaded (0ms)
			ExecutionOrderSort2 (0ms)
			AwakeInstancesAfterBackupRestoration (6ms)
Platform modules already initialized, skipping
Refreshing native plugins compatible for Editor in 1.44 ms, found 3 plugins.
Preloading 0 native plugins for Editor in 0.00 ms.
Unloading 3405 Unused Serialized files (Serialized files now loaded: 0)
Unloading 20 unused Assets / (80.8 KB). Loaded Objects now: 3929.
Memory consumption went from 125.8 MB to 125.7 MB.
Total: 2.531800 ms (FindLiveObjects: 0.224000 ms CreateObjectMapping: 0.148000 ms MarkObjects: 2.048800 ms  DeleteObjects: 0.109500 ms)

AssetImportParameters requested are different than current active one (requested -> active):
  custom:video-decoder-ogg-theora: a1e56fd34408186e4bbccfd4996cb3dc -> 
  custom:container-muxer-webm: aa71ff27fc2769a1b78a27578f13a17b -> 
  custom:container-demuxer-webm: 4f35f7cbe854078d1ac9338744f61a02 -> 
  custom:video-encoder-webm-vp8: eb34c28f22e8b96e1ab97ce403110664 -> 
  custom:audio-encoder-webm-vorbis: bf7c407c2cedff20999df2af8eb42d56 -> 
  custom:framework-win-MediaFoundation: 216162199b28c13a410421893ffa2e32 -> 
  custom:container-demuxer-ogg: 62fdf1f143b41e24485cea50d1cbac27 -> 
  custom:video-decoder-webm-vp8: 9c59270c3fd7afecdb556c50c9e8de78 -> 
  custom:audio-decoder-ogg-vorbis: bf7c407c2cedff20999df2af8eb42d56 -> 
========================================================================
Received Prepare
Registering precompiled user dll's ...
Registered in 0.004453 seconds.
Begin MonoManager ReloadAssembly
Symbol file LoadedFromMemory doesn't match image C:\Users\mattf\Cane 2021\Library\PackageCache\com.unity.visualscripting@1.7.8\Editor\VisualScripting.Core\Dependencies\YamlDotNet\Unity.VisualScripting.YamlDotNet.dll
Symbol file LoadedFromMemory doesn't match image C:\Users\mattf\Cane 2021\Library\PackageCache\com.unity.visualscripting@1.7.8\Editor\VisualScripting.Core\Dependencies\DotNetZip\Unity.VisualScripting.IonicZip.dll
Native extension for WindowsStandalone target not found
Native extension for WebGL target not found
Refreshing native plugins compatible for Editor in 0.56 ms, found 3 plugins.
Preloading 0 native plugins for Editor in 0.00 ms.
Mono: successfully reloaded assembly
- Completed reload, in  0.866 seconds
Domain Reload Profiling:
	ReloadAssembly (868ms)
		BeginReloadAssembly (122ms)
			ExecutionOrderSort (0ms)
			DisableScriptedObjects (5ms)
			BackupInstance (0ms)
			ReleaseScriptingObjects (0ms)
			CreateAndSetChildDomain (37ms)
		EndReloadAssembly (671ms)
			LoadAssemblies (68ms)
			RebuildTransferFunctionScriptingTraits (0ms)
			SetupTypeCache (237ms)
			ReleaseScriptCaches (2ms)
			RebuildScriptCaches (36ms)
			SetupLoadedEditorAssemblies (292ms)
				LogAssemblyErrors (0ms)
				InitializePlatformSupportModulesInManaged (11ms)
				SetLoadedEditorAssemblies (0ms)
				RefreshPlugins (1ms)
				BeforeProcessingInitializeOnLoad (56ms)
				ProcessInitializeOnLoadAttributes (194ms)
				ProcessInitializeOnLoadMethodAttributes (26ms)
				AfterProcessingInitializeOnLoad (4ms)
				EditorAssembliesLoaded (0ms)
			ExecutionOrderSort2 (0ms)
			AwakeInstancesAfterBackupRestoration (4ms)
Platform modules already initialized, skipping
Refreshing native plugins compatible for Editor in 1.78 ms, found 3 plugins.
Preloading 0 native plugins for Editor in 0.00 ms.
Unloading 3405 Unused Serialized files (Serialized files now loaded: 0)
Unloading 20 unused Assets / (81.1 KB). Loaded Objects now: 3932.
Memory consumption went from 125.8 MB to 125.7 MB.
Total: 2.657500 ms (FindLiveObjects: 0.252200 ms CreateObjectMapping: 0.125000 ms MarkObjects: 2.188700 ms  DeleteObjects: 0.090400 ms)

AssetImportParameters requested are different than current active one (requested -> active):
  custom:video-decoder-ogg-theora: a1e56fd34408186e4bbccfd4996cb3dc -> 
  custom:container-muxer-webm: aa71ff27fc2769a1b78a27578f13a17b -> 
  custom:container-demuxer-webm: 4f35f7cbe854078d1ac9338744f61a02 -> 
  custom:video-encoder-webm-vp8: eb34c28f22e8b96e1ab97ce403110664 -> 
  custom:audio-encoder-webm-vorbis: bf7c407c2cedff20999df2af8eb42d56 -> 
  custom:framework-win-MediaFoundation: 216162199b28c13a410421893ffa2e32 -> 
  custom:container-demuxer-ogg: 62fdf1f143b41e24485cea50d1cbac27 -> 
  custom:video-decoder-webm-vp8: 9c59270c3fd7afecdb556c50c9e8de78 -> 
  custom:audio-decoder-ogg-vorbis: bf7c407c2cedff20999df2af8eb42d56 -> 
========================================================================
Received Prepare
Registering precompiled user dll's ...
Registered in 0.003190 seconds.
Begin MonoManager ReloadAssembly
Symbol file LoadedFromMemory doesn't match image C:\Users\mattf\Cane 2021\Library\PackageCache\com.unity.visualscripting@1.7.8\Editor\VisualScripting.Core\Dependencies\YamlDotNet\Unity.VisualScripting.YamlDotNet.dll
Symbol file LoadedFromMemory doesn't match image C:\Users\mattf\Cane 2021\Library\PackageCache\com.unity.visualscripting@1.7.8\Editor\VisualScripting.Core\Dependencies\DotNetZip\Unity.VisualScripting.IonicZip.dll
Native extension for WindowsStandalone target not found
Native extension for WebGL target not found
Refreshing native plugins compatible for Editor in 0.55 ms, found 3 plugins.
Preloading 0 native plugins for Editor in 0.00 ms.
Mono: successfully reloaded assembly
- Completed reload, in  0.848 seconds
Domain Reload Profiling:
	ReloadAssembly (849ms)
		BeginReloadAssembly (105ms)
			ExecutionOrderSort (0ms)
			DisableScriptedObjects (6ms)
			BackupInstance (0ms)
			ReleaseScriptingObjects (0ms)
			CreateAndSetChildDomain (29ms)
		EndReloadAssembly (664ms)
			LoadAssemblies (60ms)
			RebuildTransferFunctionScriptingTraits (0ms)
			SetupTypeCache (241ms)
			ReleaseScriptCaches (2ms)
			RebuildScriptCaches (35ms)
			SetupLoadedEditorAssemblies (286ms)
				LogAssemblyErrors (0ms)
				InitializePlatformSupportModulesInManaged (13ms)
				SetLoadedEditorAssemblies (0ms)
				RefreshPlugins (1ms)
				BeforeProcessingInitializeOnLoad (62ms)
				ProcessInitializeOnLoadAttributes (185ms)
				ProcessInitializeOnLoadMethodAttributes (21ms)
				AfterProcessingInitializeOnLoad (4ms)
				EditorAssembliesLoaded (0ms)
			ExecutionOrderSort2 (0ms)
			AwakeInstancesAfterBackupRestoration (4ms)
Platform modules already initialized, skipping
Refreshing native plugins compatible for Editor in 2.01 ms, found 3 plugins.
Preloading 0 native plugins for Editor in 0.00 ms.
Unloading 3405 Unused Serialized files (Serialized files now loaded: 0)
Unloading 20 unused Assets / (81.4 KB). Loaded Objects now: 3935.
Memory consumption went from 125.8 MB to 125.7 MB.
Total: 2.864200 ms (FindLiveObjects: 0.253200 ms CreateObjectMapping: 0.145500 ms MarkObjects: 2.364600 ms  DeleteObjects: 0.098400 ms)

AssetImportParameters requested are different than current active one (requested -> active):
  custom:video-decoder-ogg-theora: a1e56fd34408186e4bbccfd4996cb3dc -> 
  custom:container-muxer-webm: aa71ff27fc2769a1b78a27578f13a17b -> 
  custom:container-demuxer-webm: 4f35f7cbe854078d1ac9338744f61a02 -> 
  custom:video-encoder-webm-vp8: eb34c28f22e8b96e1ab97ce403110664 -> 
  custom:audio-encoder-webm-vorbis: bf7c407c2cedff20999df2af8eb42d56 -> 
  custom:framework-win-MediaFoundation: 216162199b28c13a410421893ffa2e32 -> 
  custom:container-demuxer-ogg: 62fdf1f143b41e24485cea50d1cbac27 -> 
  custom:video-decoder-webm-vp8: 9c59270c3fd7afecdb556c50c9e8de78 -> 
  custom:audio-decoder-ogg-vorbis: bf7c407c2cedff20999df2af8eb42d56 -> 
========================================================================
Received Prepare
Registering precompiled user dll's ...
Registered in 0.003289 seconds.
Begin MonoManager ReloadAssembly
Symbol file LoadedFromMemory doesn't match image C:\Users\mattf\Cane 2021\Library\PackageCache\com.unity.visualscripting@1.7.8\Editor\VisualScripting.Core\Dependencies\YamlDotNet\Unity.VisualScripting.YamlDotNet.dll
Symbol file LoadedFromMemory doesn't match image C:\Users\mattf\Cane 2021\Library\PackageCache\com.unity.visualscripting@1.7.8\Editor\VisualScripting.Core\Dependencies\DotNetZip\Unity.VisualScripting.IonicZip.dll
Native extension for WindowsStandalone target not found
Native extension for WebGL target not found
Refreshing native plugins compatible for Editor in 0.84 ms, found 3 plugins.
Preloading 0 native plugins for Editor in 0.00 ms.
Mono: successfully reloaded assembly
- Completed reload, in  0.917 seconds
Domain Reload Profiling:
	ReloadAssembly (918ms)
		BeginReloadAssembly (112ms)
			ExecutionOrderSort (0ms)
			DisableScriptedObjects (4ms)
			BackupInstance (0ms)
			ReleaseScriptingObjects (0ms)
			CreateAndSetChildDomain (32ms)
		EndReloadAssembly (720ms)
			LoadAssemblies (65ms)
			RebuildTransferFunctionScriptingTraits (0ms)
			SetupTypeCache (258ms)
			ReleaseScriptCaches (2ms)
			RebuildScriptCaches (39ms)
			SetupLoadedEditorAssemblies (310ms)
				LogAssemblyErrors (0ms)
				InitializePlatformSupportModulesInManaged (14ms)
				SetLoadedEditorAssemblies (1ms)
				RefreshPlugins (1ms)
				BeforeProcessingInitializeOnLoad (62ms)
				ProcessInitializeOnLoadAttributes (206ms)
				ProcessInitializeOnLoadMethodAttributes (21ms)
				AfterProcessingInitializeOnLoad (5ms)
				EditorAssembliesLoaded (0ms)
			ExecutionOrderSort2 (0ms)
			AwakeInstancesAfterBackupRestoration (5ms)
Platform modules already initialized, skipping
Refreshing native plugins compatible for Editor in 1.61 ms, found 3 plugins.
Preloading 0 native plugins for Editor in 0.00 ms.
Unloading 3405 Unused Serialized files (Serialized files now loaded: 0)
Unloading 20 unused Assets / (81.3 KB). Loaded Objects now: 3938.
Memory consumption went from 125.8 MB to 125.7 MB.
Total: 2.639900 ms (FindLiveObjects: 0.247400 ms CreateObjectMapping: 0.131100 ms MarkObjects: 2.157600 ms  DeleteObjects: 0.102300 ms)

AssetImportParameters requested are different than current active one (requested -> active):
  custom:video-decoder-ogg-theora: a1e56fd34408186e4bbccfd4996cb3dc -> 
  custom:container-muxer-webm: aa71ff27fc2769a1b78a27578f13a17b -> 
  custom:container-demuxer-webm: 4f35f7cbe854078d1ac9338744f61a02 -> 
  custom:video-encoder-webm-vp8: eb34c28f22e8b96e1ab97ce403110664 -> 
  custom:audio-encoder-webm-vorbis: bf7c407c2cedff20999df2af8eb42d56 -> 
  custom:framework-win-MediaFoundation: 216162199b28c13a410421893ffa2e32 -> 
  custom:container-demuxer-ogg: 62fdf1f143b41e24485cea50d1cbac27 -> 
  custom:video-decoder-webm-vp8: 9c59270c3fd7afecdb556c50c9e8de78 -> 
  custom:audio-decoder-ogg-vorbis: bf7c407c2cedff20999df2af8eb42d56 -> 
========================================================================
Received Import Request.
  Time since last request: 2123.563539 seconds.
  path: Assets/Grass - Toon/Models/Grass_A_02.fbx
  artifactKey: Guid(7e4f6c0cb2dd69243a4d306f039447e4) Importer(815301076,1909f56bfc062723c751e8b465ee728b)
Start importing Assets/Grass - Toon/Models/Grass_A_02.fbx using Guid(7e4f6c0cb2dd69243a4d306f039447e4) Importer(815301076,1909f56bfc062723c751e8b465ee728b)  -> (artifact id: '114cc84f0cc4b2e03b018a97f2b7ae7a') in 0.120095 seconds 
========================================================================
Received Import Request.
  Time since last request: 0.000024 seconds.
  path: Assets/Grass - Toon/Models/Grass_A_07.fbx
  artifactKey: Guid(f37c9c7c44e9cac408821cce724569c6) Importer(815301076,1909f56bfc062723c751e8b465ee728b)
Start importing Assets/Grass - Toon/Models/Grass_A_07.fbx using Guid(f37c9c7c44e9cac408821cce724569c6) Importer(815301076,1909f56bfc062723c751e8b465ee728b)  -> (artifact id: '43ea42015555186911f0336cf6f37552') in 0.019088 seconds 
========================================================================
Received Import Request.
  Time since last request: 0.000034 seconds.
  path: Assets/Grass - Toon/Models/Grass_A_08.fbx
  artifactKey: Guid(5d767c45421f5164ea75fce6f4256898) Importer(815301076,1909f56bfc062723c751e8b465ee728b)
Start importing Assets/Grass - Toon/Models/Grass_A_08.fbx using Guid(5d767c45421f5164ea75fce6f4256898) Importer(815301076,1909f56bfc062723c751e8b465ee728b)  -> (artifact id: '275e1b965f29b3b28fd6834f46a92104') in 0.019002 seconds 
========================================================================
Received Import Request.
  Time since last request: 0.000019 seconds.
  path: Assets/Grass - Toon/Models/Grass_A_03.fbx
  artifactKey: Guid(80ece6773d140bc42a340be6f608c29b) Importer(815301076,1909f56bfc062723c751e8b465ee728b)
Start importing Assets/Grass - Toon/Models/Grass_A_03.fbx using Guid(80ece6773d140bc42a340be6f608c29b) Importer(815301076,1909f56bfc062723c751e8b465ee728b)  -> (artifact id: 'b3f8725c9c66985a7c79cbc004dd8ae0') in 0.017115 seconds 
========================================================================
Received Import Request.
  Time since last request: 0.000018 seconds.
  path: Assets/Grass - Toon/Models/Grass_A_10.fbx
  artifactKey: Guid(aef53ba682097ee40861771caef66b6e) Importer(815301076,1909f56bfc062723c751e8b465ee728b)
Start importing Assets/Grass - Toon/Models/Grass_A_10.fbx using Guid(aef53ba682097ee40861771caef66b6e) Importer(815301076,1909f56bfc062723c751e8b465ee728b)  -> (artifact id: 'b8fd8a97aa40f68a41a4271ae7adf672') in 0.018326 seconds 
========================================================================
Received Import Request.
  Time since last request: 0.000024 seconds.
  path: Assets/Grass - Toon/Models/Grass_A_06.fbx
  artifactKey: Guid(d4ab5a737673d1e478e6362cbc7cc771) Importer(815301076,1909f56bfc062723c751e8b465ee728b)
Start importing Assets/Grass - Toon/Models/Grass_A_06.fbx using Guid(d4ab5a737673d1e478e6362cbc7cc771) Importer(815301076,1909f56bfc062723c751e8b465ee728b)  -> (artifact id: 'd644b9bd8429eabd6f1a8c247aab14e5') in 0.016798 seconds 
========================================================================
Received Import Request.
  Time since last request: 29.715875 seconds.
  path: Assets/Grass - Toon/Models/Grass_B_03.fbx
  artifactKey: Guid(bc60284cd8583d7458f4ba47e79feaf5) Importer(815301076,1909f56bfc062723c751e8b465ee728b)
Start importing Assets/Grass - Toon/Models/Grass_B_03.fbx using Guid(bc60284cd8583d7458f4ba47e79feaf5) Importer(815301076,1909f56bfc062723c751e8b465ee728b)  -> (artifact id: '7c920753472b77ef23a2d9d0be664972') in 0.023155 seconds 
========================================================================
Received Import Request.
  Time since last request: 0.010954 seconds.
  path: Assets/Grass - Toon/Models/Grass_B_06.fbx
  artifactKey: Guid(6c47a68136e6f884e87b4cab0fce2fd2) Importer(815301076,1909f56bfc062723c751e8b465ee728b)
Start importing Assets/Grass - Toon/Models/Grass_B_06.fbx using Guid(6c47a68136e6f884e87b4cab0fce2fd2) Importer(815301076,1909f56bfc062723c751e8b465ee728b)  -> (artifact id: 'f0073f04799ef0089f7ec7934c03a558') in 0.016944 seconds 
========================================================================
Received Import Request.
  Time since last request: 0.250997 seconds.
  path: Assets/Grass - Toon/Models/Grass_B_11.fbx
  artifactKey: Guid(556b0d599002de44e98d37edcd91d5cc) Importer(815301076,1909f56bfc062723c751e8b465ee728b)
Start importing Assets/Grass - Toon/Models/Grass_B_11.fbx using Guid(556b0d599002de44e98d37edcd91d5cc) Importer(815301076,1909f56bfc062723c751e8b465ee728b)  -> (artifact id: '605832336b54cae9feb9fb8d5b14305c') in 0.020386 seconds 
========================================================================
Received Import Request.
  Time since last request: 1.211281 seconds.
  path: Assets/Grass - Toon/Models/Grass_C_08.fbx
  artifactKey: Guid(22a7ab9488e7aac448fb514fe7afb102) Importer(815301076,1909f56bfc062723c751e8b465ee728b)
Start importing Assets/Grass - Toon/Models/Grass_C_08.fbx using Guid(22a7ab9488e7aac448fb514fe7afb102) Importer(815301076,1909f56bfc062723c751e8b465ee728b)  -> (artifact id: '412dc6c7bd3789838093ea3d10b76e90') in 0.017607 seconds 
========================================================================
Received Import Request.
  Time since last request: 0.001513 seconds.
  path: Assets/Grass - Toon/Models/Grass_C_11.fbx
  artifactKey: Guid(34c5d7ec2b025ff4a88bf22b53adbf4c) Importer(815301076,1909f56bfc062723c751e8b465ee728b)
Start importing Assets/Grass - Toon/Models/Grass_C_11.fbx using Guid(34c5d7ec2b025ff4a88bf22b53adbf4c) Importer(815301076,1909f56bfc062723c751e8b465ee728b)  -> (artifact id: '01a093d75e23244368ddfc64cd65a60a') in 0.017757 seconds 
========================================================================
Received Import Request.
  Time since last request: 0.019777 seconds.
  path: Assets/Grass - Toon/Models/Grass_D_05.fbx
  artifactKey: Guid(130add5a504b2a348aee0995fc670eab) Importer(815301076,1909f56bfc062723c751e8b465ee728b)
Start importing Assets/Grass - Toon/Models/Grass_D_05.fbx using Guid(130add5a504b2a348aee0995fc670eab) Importer(815301076,1909f56bfc062723c751e8b465ee728b)  -> (artifact id: 'd3dba068dda0db0199affe19504b009f') in 0.019546 seconds 
========================================================================
Received Import Request.
  Time since last request: 0.000025 seconds.
  path: Assets/Grass - Toon/Models/Grass_D_08.fbx
  artifactKey: Guid(0089913a7c3d5414690ef60853730479) Importer(815301076,1909f56bfc062723c751e8b465ee728b)
Start importing Assets/Grass - Toon/Models/Grass_D_08.fbx using Guid(0089913a7c3d5414690ef60853730479) Importer(815301076,1909f56bfc062723c751e8b465ee728b)  -> (artifact id: 'bd135bab0a9b429860d9dc4bff85f101') in 0.021701 seconds 
========================================================================
Received Import Request.
  Time since last request: 0.000018 seconds.
  path: Assets/Grass - Toon/Models/Grass_E_04.fbx
  artifactKey: Guid(8b24f14e2e5529f4484971cb787b98d2) Importer(815301076,1909f56bfc062723c751e8b465ee728b)
Start importing Assets/Grass - Toon/Models/Grass_E_04.fbx using Guid(8b24f14e2e5529f4484971cb787b98d2) Importer(815301076,1909f56bfc062723c751e8b465ee728b)  -> (artifact id: '9f24ddbaca8fbbe0e7685dda98569d8b') in 0.018472 seconds 
========================================================================
Received Import Request.
  Time since last request: 0.000026 seconds.
  path: Assets/Grass - Toon/Models/Grass_D_12.fbx
  artifactKey: Guid(951cb5674afb4d445b254d6f07c126be) Importer(815301076,1909f56bfc062723c751e8b465ee728b)
Start importing Assets/Grass - Toon/Models/Grass_D_12.fbx using Guid(951cb5674afb4d445b254d6f07c126be) Importer(815301076,1909f56bfc062723c751e8b465ee728b)  -> (artifact id: '380d2d2babb1798fc8db7cb8330f3d8e') in 0.020898 seconds 
========================================================================
Received Import Request.
  Time since last request: 0.000032 seconds.
  path: Assets/Grass - Toon/Models/Grass_E_07.fbx
  artifactKey: Guid(9268acf7edc69fa44a24dcff4035330c) Importer(815301076,1909f56bfc062723c751e8b465ee728b)
Start importing Assets/Grass - Toon/Models/Grass_E_07.fbx using Guid(9268acf7edc69fa44a24dcff4035330c) Importer(815301076,1909f56bfc062723c751e8b465ee728b)  -> (artifact id: '9a948c8df374f636165f5117bff1a768') in 0.021712 seconds 
========================================================================
Received Import Request.
  Time since last request: 0.000021 seconds.
  path: Assets/Grass - Toon/Models/Grass_E_09.fbx
  artifactKey: Guid(7c2e0426c6cd29043ada79063b69acee) Importer(815301076,1909f56bfc062723c751e8b465ee728b)
Start importing Assets/Grass - Toon/Models/Grass_E_09.fbx using Guid(7c2e0426c6cd29043ada79063b69acee) Importer(815301076,1909f56bfc062723c751e8b465ee728b)  -> (artifact id: '97ab421fa0fab55001119f4ea65645e3') in 0.021136 seconds 
========================================================================
Received Import Request.
  Time since last request: 0.000036 seconds.
  path: Assets/Grass - Toon/Models/Grass_E_10.fbx
  artifactKey: Guid(c5ff0d383a1c8364cacf2c739731c2ed) Importer(815301076,1909f56bfc062723c751e8b465ee728b)
Start importing Assets/Grass - Toon/Models/Grass_E_10.fbx using Guid(c5ff0d383a1c8364cacf2c739731c2ed) Importer(815301076,1909f56bfc062723c751e8b465ee728b)  -> (artifact id: '8315fee13ba20a6e16a2fec1c85ce543') in 0.019491 seconds 
========================================================================
Received Import Request.
  Time since last request: 0.000029 seconds.
  path: Assets/Grass - Toon/Models/Grass_E_12.fbx
  artifactKey: Guid(f21718b11d2d76e44b26ca45ebb6da81) Importer(815301076,1909f56bfc062723c751e8b465ee728b)
Start importing Assets/Grass - Toon/Models/Grass_E_12.fbx using Guid(f21718b11d2d76e44b26ca45ebb6da81) Importer(815301076,1909f56bfc062723c751e8b465ee728b)  -> (artifact id: '9c8ea7f554dc202e3bfaf6e83745786f') in 0.016232 seconds 
========================================================================
Received Import Request.
  Time since last request: 0.297833 seconds.
  path: Assets/Grass - Toon/Models/Grass_F_03.fbx
  artifactKey: Guid(eb6f29cefd593134b9dccc87eb1b9a4c) Importer(815301076,1909f56bfc062723c751e8b465ee728b)
Start importing Assets/Grass - Toon/Models/Grass_F_03.fbx using Guid(eb6f29cefd593134b9dccc87eb1b9a4c) Importer(815301076,1909f56bfc062723c751e8b465ee728b)  -> (artifact id: '3ee781fa84f99d807550a1bf69b53cf1') in 0.020100 seconds 
========================================================================
Received Import Request.
  Time since last request: 0.000028 seconds.
  path: Assets/Grass - Toon/Models/Grass_F_11.fbx
  artifactKey: Guid(4fb5c45021dfb36478598e8382b3e530) Importer(815301076,1909f56bfc062723c751e8b465ee728b)
Start importing Assets/Grass - Toon/Models/Grass_F_11.fbx using Guid(4fb5c45021dfb36478598e8382b3e530) Importer(815301076,1909f56bfc062723c751e8b465ee728b)  -> (artifact id: 'b328ea111d3245b80936f72ca7f1d9fd') in 0.019116 seconds 
========================================================================
Received Import Request.
  Time since last request: 0.000029 seconds.
  path: Assets/Grass - Toon/Models/Grass_G_03.fbx
  artifactKey: Guid(087e902cac269dd4382b7bbcb00320cf) Importer(815301076,1909f56bfc062723c751e8b465ee728b)
Start importing Assets/Grass - Toon/Models/Grass_G_03.fbx using Guid(087e902cac269dd4382b7bbcb00320cf) Importer(815301076,1909f56bfc062723c751e8b465ee728b)  -> (artifact id: '2345ff4adf7c57c21fcb9034ce3e362e') in 0.021383 seconds 
========================================================================
Received Import Request.
  Time since last request: 0.000026 seconds.
  path: Assets/Grass - Toon/Models/Grass_G_10.fbx
  artifactKey: Guid(05548b52e4f794c4e802565acbf1671f) Importer(815301076,1909f56bfc062723c751e8b465ee728b)
Start importing Assets/Grass - Toon/Models/Grass_G_10.fbx using Guid(05548b52e4f794c4e802565acbf1671f) Importer(815301076,1909f56bfc062723c751e8b465ee728b)  -> (artifact id: '28ba0a2ed9a6cab2af0632d5430ab39c') in 0.020279 seconds 
========================================================================
Received Import Request.
  Time since last request: 0.000024 seconds.
  path: Assets/Grass - Toon/Models/Grass_I_12.fbx
  artifactKey: Guid(b727edc62a5c970418b3680f1198da52) Importer(815301076,1909f56bfc062723c751e8b465ee728b)
Start importing Assets/Grass - Toon/Models/Grass_I_12.fbx using Guid(b727edc62a5c970418b3680f1198da52) Importer(815301076,1909f56bfc062723c751e8b465ee728b)  -> (artifact id: 'e436c1d9bf03898f9484c17e27aee4c9') in 0.019275 seconds 
========================================================================
Received Import Request.
  Time since last request: 0.000036 seconds.
  path: Assets/Grass - Toon/Models/Grass_I_09.fbx
  artifactKey: Guid(66b7f437086160c4195a3112949ad84c) Importer(815301076,1909f56bfc062723c751e8b465ee728b)
Start importing Assets/Grass - Toon/Models/Grass_I_09.fbx using Guid(66b7f437086160c4195a3112949ad84c) Importer(815301076,1909f56bfc062723c751e8b465ee728b)  -> (artifact id: 'fa50c1013f24b28ccf1d995d950bf22c') in 0.020183 seconds 
========================================================================
Received Import Request.
  Time since last request: 0.000031 seconds.
  path: Assets/Grass - Toon/Models/Grass_M_04.fbx
  artifactKey: Guid(3de11f79de4379e46880baa5a76c5087) Importer(815301076,1909f56bfc062723c751e8b465ee728b)
Start importing Assets/Grass - Toon/Models/Grass_M_04.fbx using Guid(3de11f79de4379e46880baa5a76c5087) Importer(815301076,1909f56bfc062723c751e8b465ee728b)  -> (artifact id: '120c3e8019d5804008e483fffb99fc70') in 0.022945 seconds 
========================================================================
Received Import Request.
  Time since last request: 0.000021 seconds.
  path: Assets/Grass - Toon/Models/Grass_O_02.fbx
  artifactKey: Guid(373f7fd625e7ea44dbbfff81a37c92d2) Importer(815301076,1909f56bfc062723c751e8b465ee728b)
Start importing Assets/Grass - Toon/Models/Grass_O_02.fbx using Guid(373f7fd625e7ea44dbbfff81a37c92d2) Importer(815301076,1909f56bfc062723c751e8b465ee728b)  -> (artifact id: 'f450a77acf3c5588adcf4fdbb4b236b9') in 0.021409 seconds 
========================================================================
Received Import Request.
  Time since last request: 0.000032 seconds.
  path: Assets/Grass - Toon/Models/Grass_Pack_A_01.fbx
  artifactKey: Guid(5066c5b8a43bd1a4395b073d0b3b7bcc) Importer(815301076,1909f56bfc062723c751e8b465ee728b)
Start importing Assets/Grass - Toon/Models/Grass_Pack_A_01.fbx using Guid(5066c5b8a43bd1a4395b073d0b3b7bcc) Importer(815301076,1909f56bfc062723c751e8b465ee728b)  -> (artifact id: '6c59740076471ac189900222eba599c5') in 0.019798 seconds 
========================================================================
Received Import Request.
  Time since last request: 0.000028 seconds.
  path: Assets/Grass - Toon/Models/Grass_O_11.fbx
  artifactKey: Guid(259157d0f83788148b8be35a5edfe2e8) Importer(815301076,1909f56bfc062723c751e8b465ee728b)
Start importing Assets/Grass - Toon/Models/Grass_O_11.fbx using Guid(259157d0f83788148b8be35a5edfe2e8) Importer(815301076,1909f56bfc062723c751e8b465ee728b)  -> (artifact id: 'f023183d43187049f7c3dce2a9ad424c') in 0.017744 seconds 
========================================================================
Received Import Request.
  Time since last request: 0.000026 seconds.
  path: Assets/Grass - Toon/Models/Grass_H_05.fbx
  artifactKey: Guid(bcaf05a072042434e896fef671985ca3) Importer(815301076,1909f56bfc062723c751e8b465ee728b)
Start importing Assets/Grass - Toon/Models/Grass_H_05.fbx using Guid(bcaf05a072042434e896fef671985ca3) Importer(815301076,1909f56bfc062723c751e8b465ee728b)  -> (artifact id: 'e3ba61a9a9da74403bd5a0ed482d4cac') in 0.020908 seconds 
========================================================================
Received Import Request.
  Time since last request: 0.000038 seconds.
  path: Assets/Grass - Toon/Models/Grass_Pack_H_05.fbx
  artifactKey: Guid(ba11800a171fdbf4eb05f1e7fe63d0bf) Importer(815301076,1909f56bfc062723c751e8b465ee728b)
Start importing Assets/Grass - Toon/Models/Grass_Pack_H_05.fbx using Guid(ba11800a171fdbf4eb05f1e7fe63d0bf) Importer(815301076,1909f56bfc062723c751e8b465ee728b)  -> (artifact id: '16c6b8f5cfc646b25a84b85994433978') in 0.019566 seconds 
========================================================================
Received Import Request.
  Time since last request: 0.000022 seconds.
  path: Assets/Grass - Toon/Models/Grass_Pack_H_03.fbx
  artifactKey: Guid(a761ea7a70e71644fb2a6005fb0460f5) Importer(815301076,1909f56bfc062723c751e8b465ee728b)
Start importing Assets/Grass - Toon/Models/Grass_Pack_H_03.fbx using Guid(a761ea7a70e71644fb2a6005fb0460f5) Importer(815301076,1909f56bfc062723c751e8b465ee728b)  -> (artifact id: '47a38c9971d10ee4cd57871640a29b12') in 0.019964 seconds 
========================================================================
Received Import Request.
  Time since last request: 0.000032 seconds.
  path: Assets/Grass - Toon/Models/Grass_Pack_H_08.fbx
  artifactKey: Guid(e75bdc772faef4b4b9e69133d9113ef8) Importer(815301076,1909f56bfc062723c751e8b465ee728b)
Start importing Assets/Grass - Toon/Models/Grass_Pack_H_08.fbx using Guid(e75bdc772faef4b4b9e69133d9113ef8) Importer(815301076,1909f56bfc062723c751e8b465ee728b)  -> (artifact id: '9174ef1c03fad7aa0650a0beefd1e5bc') in 0.021520 seconds 
========================================================================
Received Import Request.
  Time since last request: 0.000021 seconds.
  path: Assets/Grass - Toon/Models/Grass_J_07.fbx
  artifactKey: Guid(fc4a923100476394e9a13b9b9e5250ba) Importer(815301076,1909f56bfc062723c751e8b465ee728b)
Start importing Assets/Grass - Toon/Models/Grass_J_07.fbx using Guid(fc4a923100476394e9a13b9b9e5250ba) Importer(815301076,1909f56bfc062723c751e8b465ee728b)  -> (artifact id: 'f9e649d0e9f1bb04d97c7780e30b48dd') in 0.020264 seconds 
========================================================================
Received Import Request.
  Time since last request: 0.000021 seconds.
  path: Assets/Grass - Toon/Models/Grass_Pack_A_05.fbx
  artifactKey: Guid(95ebeb27945b7ed4c8720e9f79c54ca2) Importer(815301076,1909f56bfc062723c751e8b465ee728b)
Start importing Assets/Grass - Toon/Models/Grass_Pack_A_05.fbx using Guid(95ebeb27945b7ed4c8720e9f79c54ca2) Importer(815301076,1909f56bfc062723c751e8b465ee728b)  -> (artifact id: 'ec6635f0e8c129277958eb2e876488d9') in 0.017758 seconds 
========================================================================
Received Import Request.
  Time since last request: 0.000024 seconds.
  path: Assets/Grass - Toon/Models/Grass_G_11.fbx
  artifactKey: Guid(e668a98acafcbfc48975ef82546e7116) Importer(815301076,1909f56bfc062723c751e8b465ee728b)
Start importing Assets/Grass - Toon/Models/Grass_G_11.fbx using Guid(e668a98acafcbfc48975ef82546e7116) Importer(815301076,1909f56bfc062723c751e8b465ee728b)  -> (artifact id: '8d1daa7b3c8d8596b272a2f54e8b572f') in 0.017961 seconds 
========================================================================
Received Import Request.
  Time since last request: 0.000022 seconds.
  path: Assets/Grass - Toon/Models/Grass_L_01.fbx
  artifactKey: Guid(fc0fa091d6521554e94fec9fe02a0b14) Importer(815301076,1909f56bfc062723c751e8b465ee728b)
Start importing Assets/Grass - Toon/Models/Grass_L_01.fbx using Guid(fc0fa091d6521554e94fec9fe02a0b14) Importer(815301076,1909f56bfc062723c751e8b465ee728b)  -> (artifact id: '51d920d6ba3c1a27e1de404dcc93289c') in 0.018510 seconds 
========================================================================
Received Import Request.
  Time since last request: 0.000017 seconds.
  path: Assets/Grass - Toon/Models/Grass_Pack_C_03.fbx
  artifactKey: Guid(8125dd0fafa091e4d842362b117b56b3) Importer(815301076,1909f56bfc062723c751e8b465ee728b)
Start importing Assets/Grass - Toon/Models/Grass_Pack_C_03.fbx using Guid(8125dd0fafa091e4d842362b117b56b3) Importer(815301076,1909f56bfc062723c751e8b465ee728b)  -> (artifact id: 'c6b3503b00d66ef5c52d532c62f4ffa8') in 0.019149 seconds 
========================================================================
Received Import Request.
  Time since last request: 0.000029 seconds.
  path: Assets/Grass - Toon/Models/Grass_Pack_G_05.fbx
  artifactKey: Guid(e6f87c9e445697d428f9fa0527c48e94) Importer(815301076,1909f56bfc062723c751e8b465ee728b)
Start importing Assets/Grass - Toon/Models/Grass_Pack_G_05.fbx using Guid(e6f87c9e445697d428f9fa0527c48e94) Importer(815301076,1909f56bfc062723c751e8b465ee728b)  -> (artifact id: '04becd5ebd904aeaa81a495ea6526cf1') in 0.022632 seconds 
========================================================================
Received Import Request.
  Time since last request: 0.000026 seconds.
  path: Assets/Grass - Toon/Models/Grass_J_08.fbx
  artifactKey: Guid(94019a8aac46cb34ca4bc50446615fbc) Importer(815301076,1909f56bfc062723c751e8b465ee728b)
Start importing Assets/Grass - Toon/Models/Grass_J_08.fbx using Guid(94019a8aac46cb34ca4bc50446615fbc) Importer(815301076,1909f56bfc062723c751e8b465ee728b)  -> (artifact id: '6873548be388cf2dda8dc81071fe72b9') in 0.022360 seconds 
========================================================================
Received Import Request.
  Time since last request: 0.000060 seconds.
  path: Assets/Grass - Toon/Models/Grass_Pack_E_02.fbx
  artifactKey: Guid(9c079cb68500b2648ba91bab94cdb84f) Importer(815301076,1909f56bfc062723c751e8b465ee728b)
Start importing Assets/Grass - Toon/Models/Grass_Pack_E_02.fbx using Guid(9c079cb68500b2648ba91bab94cdb84f) Importer(815301076,1909f56bfc062723c751e8b465ee728b)  -> (artifact id: '2be318eb3403ca5cf55ffd23eb8f7e56') in 0.021791 seconds 
========================================================================
Received Import Request.
  Time since last request: 0.000028 seconds.
  path: Assets/Grass - Toon/Models/Grass_N_13.fbx
  artifactKey: Guid(44c98cab92b265c4aa8c031b0833b032) Importer(815301076,1909f56bfc062723c751e8b465ee728b)
Start importing Assets/Grass - Toon/Models/Grass_N_13.fbx using Guid(44c98cab92b265c4aa8c031b0833b032) Importer(815301076,1909f56bfc062723c751e8b465ee728b)  -> (artifact id: '092bed661f8dc3d6b0e6461eadb2a25e') in 0.021312 seconds 
========================================================================
Received Import Request.
  Time since last request: 0.000040 seconds.
  path: Assets/Grass - Toon/Models/Grass_Pack_G_10.fbx
  artifactKey: Guid(c656717716d81c4498aa33c87d2d94a3) Importer(815301076,1909f56bfc062723c751e8b465ee728b)
Start importing Assets/Grass - Toon/Models/Grass_Pack_G_10.fbx using Guid(c656717716d81c4498aa33c87d2d94a3) Importer(815301076,1909f56bfc062723c751e8b465ee728b)  -> (artifact id: '8981a8e5525257f7081c21aff06a3ac1') in 0.022140 seconds 
========================================================================
Received Import Request.
  Time since last request: 0.000022 seconds.
  path: Assets/Grass - Toon/Models/Grass_I_10.fbx
  artifactKey: Guid(4dd43632a74ca4a41b9b2635c8001861) Importer(815301076,1909f56bfc062723c751e8b465ee728b)
Start importing Assets/Grass - Toon/Models/Grass_I_10.fbx using Guid(4dd43632a74ca4a41b9b2635c8001861) Importer(815301076,1909f56bfc062723c751e8b465ee728b)  -> (artifact id: '96138748fc60ec1065b317ea1b8b652d') in 0.020805 seconds 
========================================================================
Received Import Request.
  Time since last request: 0.000031 seconds.
  path: Assets/Grass - Toon/Models/Grass_K_13.fbx
  artifactKey: Guid(3d0c5a39c9a179141b143255b84c1246) Importer(815301076,1909f56bfc062723c751e8b465ee728b)
Start importing Assets/Grass - Toon/Models/Grass_K_13.fbx using Guid(3d0c5a39c9a179141b143255b84c1246) Importer(815301076,1909f56bfc062723c751e8b465ee728b)  -> (artifact id: '1206e0c2c6d8f8b1a56fa1f0e019843f') in 0.019873 seconds 
========================================================================
Received Import Request.
  Time since last request: 0.000030 seconds.
  path: Assets/Grass - Toon/Models/Grass_Pack_E_04.fbx
  artifactKey: Guid(75e3e9f6207be2242b79dcbc482bcf8f) Importer(815301076,1909f56bfc062723c751e8b465ee728b)
Start importing Assets/Grass - Toon/Models/Grass_Pack_E_04.fbx using Guid(75e3e9f6207be2242b79dcbc482bcf8f) Importer(815301076,1909f56bfc062723c751e8b465ee728b)  -> (artifact id: '4e3de0c4f6136452aad12e2575061a9b') in 0.019677 seconds 
========================================================================
Received Import Request.
  Time since last request: 0.000025 seconds.
  path: Assets/Grass - Toon/Models/Grass_Pack_E_01.fbx
  artifactKey: Guid(98c9543e3aa9ac744a5ccbc2e8705b39) Importer(815301076,1909f56bfc062723c751e8b465ee728b)
Start importing Assets/Grass - Toon/Models/Grass_Pack_E_01.fbx using Guid(98c9543e3aa9ac744a5ccbc2e8705b39) Importer(815301076,1909f56bfc062723c751e8b465ee728b)  -> (artifact id: '82c6385b847899225738790d4d8be227') in 0.022630 seconds 
========================================================================
Received Import Request.
  Time since last request: 0.000026 seconds.
  path: Assets/Grass - Toon/Models/Grass_N_09.fbx
  artifactKey: Guid(a15f9fd4a593e9741a64b70709f1168f) Importer(815301076,1909f56bfc062723c751e8b465ee728b)
Start importing Assets/Grass - Toon/Models/Grass_N_09.fbx using Guid(a15f9fd4a593e9741a64b70709f1168f) Importer(815301076,1909f56bfc062723c751e8b465ee728b)  -> (artifact id: 'bf55a1d1acbb672b7ae42009edc44e85') in 0.020644 seconds 
========================================================================
Received Import Request.
  Time since last request: 0.000050 seconds.
  path: Assets/Grass - Toon/Models/Grass_Pack_F_02.fbx
  artifactKey: Guid(c9cdd77e2ba6d0345a8efff6e12afb9e) Importer(815301076,1909f56bfc062723c751e8b465ee728b)
Start importing Assets/Grass - Toon/Models/Grass_Pack_F_02.fbx using Guid(c9cdd77e2ba6d0345a8efff6e12afb9e) Importer(815301076,1909f56bfc062723c751e8b465ee728b)  -> (artifact id: '5d71aec19f917260d8944c0e0223e07b') in 0.020070 seconds 
========================================================================
Received Import Request.
  Time since last request: 0.000045 seconds.
  path: Assets/Grass - Toon/Models/Grass_Pack_B_05.fbx
  artifactKey: Guid(563371b8398b1664fbb1cac36668b30a) Importer(815301076,1909f56bfc062723c751e8b465ee728b)
Start importing Assets/Grass - Toon/Models/Grass_Pack_B_05.fbx using Guid(563371b8398b1664fbb1cac36668b30a) Importer(815301076,1909f56bfc062723c751e8b465ee728b)  -> (artifact id: 'a7bce3dc3a045bec4b34e40aa2237fc8') in 0.020251 seconds 
========================================================================
Received Import Request.
  Time since last request: 0.000026 seconds.
  path: Assets/Grass - Toon/Models/Grass_Pack_E_07.fbx
  artifactKey: Guid(3a6ddcf2e3c62224ea62957fa498d06d) Importer(815301076,1909f56bfc062723c751e8b465ee728b)
Start importing Assets/Grass - Toon/Models/Grass_Pack_E_07.fbx using Guid(3a6ddcf2e3c62224ea62957fa498d06d) Importer(815301076,1909f56bfc062723c751e8b465ee728b)  -> (artifact id: 'b24a9a2d1b8fd11253fbaec077eab32b') in 0.024118 seconds 
========================================================================
Received Import Request.
  Time since last request: 0.000025 seconds.
  path: Assets/Grass - Toon/Models/Grass_N_04.fbx
  artifactKey: Guid(5de30cbcb6beda34aa8a4055810d096d) Importer(815301076,1909f56bfc062723c751e8b465ee728b)
Start importing Assets/Grass - Toon/Models/Grass_N_04.fbx using Guid(5de30cbcb6beda34aa8a4055810d096d) Importer(815301076,1909f56bfc062723c751e8b465ee728b)  -> (artifact id: '1f2e8815e5debb159cbae892811f2689') in 0.020757 seconds 
========================================================================
Received Import Request.
  Time since last request: 0.000029 seconds.
  path: Assets/Grass - Toon/Models/Grass_O_01.fbx
  artifactKey: Guid(9dfd14210bbe4994f915591bebf2012e) Importer(815301076,1909f56bfc062723c751e8b465ee728b)
Start importing Assets/Grass - Toon/Models/Grass_O_01.fbx using Guid(9dfd14210bbe4994f915591bebf2012e) Importer(815301076,1909f56bfc062723c751e8b465ee728b)  -> (artifact id: '7c9fd1ab7630d46729cd6887630b4761') in 0.020727 seconds 
========================================================================
Received Import Request.
  Time since last request: 0.000029 seconds.
  path: Assets/Grass - Toon/Models/Grass_Pack_A_09.fbx
  artifactKey: Guid(5234be2cd8c3c3544851928359abf242) Importer(815301076,1909f56bfc062723c751e8b465ee728b)
Start importing Assets/Grass - Toon/Models/Grass_Pack_A_09.fbx using Guid(5234be2cd8c3c3544851928359abf242) Importer(815301076,1909f56bfc062723c751e8b465ee728b)  -> (artifact id: '80c37e9d54aff7cdc5dc2bd0705846f9') in 0.020187 seconds 
========================================================================
Received Import Request.
  Time since last request: 0.000037 seconds.
  path: Assets/Grass - Toon/Models/Grass_M_01.fbx
  artifactKey: Guid(56c5abc9d5d30334fb7696e5608dc9a0) Importer(815301076,1909f56bfc062723c751e8b465ee728b)
Start importing Assets/Grass - Toon/Models/Grass_M_01.fbx using Guid(56c5abc9d5d30334fb7696e5608dc9a0) Importer(815301076,1909f56bfc062723c751e8b465ee728b)  -> (artifact id: '8b8881f49da68e82c892287fe2670529') in 0.020038 seconds 
========================================================================
Received Import Request.
  Time since last request: 0.000027 seconds.
  path: Assets/Grass - Toon/Models/Grass_Pack_A_02.fbx
  artifactKey: Guid(3ae49135df01a3c47bef27a711f069aa) Importer(815301076,1909f56bfc062723c751e8b465ee728b)
Start importing Assets/Grass - Toon/Models/Grass_Pack_A_02.fbx using Guid(3ae49135df01a3c47bef27a711f069aa) Importer(815301076,1909f56bfc062723c751e8b465ee728b)  -> (artifact id: 'ec56c40f21a963058bac66dd9b565095') in 0.020496 seconds 
========================================================================
Received Import Request.
  Time since last request: 0.000023 seconds.
  path: Assets/Grass - Toon/Models/Grass_Pack_B_09.fbx
  artifactKey: Guid(efb4b3c5c2c3dc141a931c075364e9a3) Importer(815301076,1909f56bfc062723c751e8b465ee728b)
Start importing Assets/Grass - Toon/Models/Grass_Pack_B_09.fbx using Guid(efb4b3c5c2c3dc141a931c075364e9a3) Importer(815301076,1909f56bfc062723c751e8b465ee728b)  -> (artifact id: '4b761f040074161294866ba0097bb86d') in 0.019536 seconds 
========================================================================
Received Import Request.
  Time since last request: 0.000030 seconds.
  path: Assets/Grass - Toon/Models/Grass_N_06.fbx
  artifactKey: Guid(11fe7ea83175e8c4c81be2b19d968557) Importer(815301076,1909f56bfc062723c751e8b465ee728b)
Start importing Assets/Grass - Toon/Models/Grass_N_06.fbx using Guid(11fe7ea83175e8c4c81be2b19d968557) Importer(815301076,1909f56bfc062723c751e8b465ee728b)  -> (artifact id: '6cec580f082a2e89807eb0d003f07b7f') in 0.018210 seconds 
========================================================================
Received Import Request.
  Time since last request: 0.000042 seconds.
  path: Assets/Grass - Toon/Models/Grass_O_12.fbx
  artifactKey: Guid(02268f28b00f971449bd0773bbb9f4b5) Importer(815301076,1909f56bfc062723c751e8b465ee728b)
Start importing Assets/Grass - Toon/Models/Grass_O_12.fbx using Guid(02268f28b00f971449bd0773bbb9f4b5) Importer(815301076,1909f56bfc062723c751e8b465ee728b)  -> (artifact id: 'a68677dbe53f1584209e1d0610952855') in 0.019220 seconds 
========================================================================
Received Import Request.
  Time since last request: 0.000030 seconds.
  path: Assets/Grass - Toon/Models/Grass_Pack_A_06.fbx
  artifactKey: Guid(81f7622f1eca8a4449e4bb32ff195f8d) Importer(815301076,1909f56bfc062723c751e8b465ee728b)
Start importing Assets/Grass - Toon/Models/Grass_Pack_A_06.fbx using Guid(81f7622f1eca8a4449e4bb32ff195f8d) Importer(815301076,1909f56bfc062723c751e8b465ee728b)  -> (artifact id: '60f50189373eec654fee78f20b6bbebf') in 0.019396 seconds 
========================================================================
Received Import Request.
  Time since last request: 0.000031 seconds.
  path: Assets/Grass - Toon/Models/Grass_Pack_H_07.fbx
  artifactKey: Guid(3f9febb10a2132b45896a183b3daf588) Importer(815301076,1909f56bfc062723c751e8b465ee728b)
Start importing Assets/Grass - Toon/Models/Grass_Pack_H_07.fbx using Guid(3f9febb10a2132b45896a183b3daf588) Importer(815301076,1909f56bfc062723c751e8b465ee728b)  -> (artifact id: 'c78dcb3ed271fff425a64c1cec3385d4') in 0.019088 seconds 
========================================================================
Received Import Request.
  Time since last request: 0.000029 seconds.
  path: Assets/Grass - Toon/Models/Grass_K_06.fbx
  artifactKey: Guid(dcf9141e7c3e00d4baa8cbc910d4dfd6) Importer(815301076,1909f56bfc062723c751e8b465ee728b)
Start importing Assets/Grass - Toon/Models/Grass_K_06.fbx using Guid(dcf9141e7c3e00d4baa8cbc910d4dfd6) Importer(815301076,1909f56bfc062723c751e8b465ee728b)  -> (artifact id: 'd8e3e39500bcffb7489697b245e16bb5') in 0.018075 seconds 
========================================================================
Received Import Request.
  Time since last request: 0.000029 seconds.
  path: Assets/Grass - Toon/Models/Grass_N_08.fbx
  artifactKey: Guid(1062b815abf372b45aeb7313c0676e58) Importer(815301076,1909f56bfc062723c751e8b465ee728b)
Start importing Assets/Grass - Toon/Models/Grass_N_08.fbx using Guid(1062b815abf372b45aeb7313c0676e58) Importer(815301076,1909f56bfc062723c751e8b465ee728b)  -> (artifact id: '610ec6cf675c0f2e3a9877a119a0c6c9') in 0.020506 seconds 
========================================================================
Received Import Request.
  Time since last request: 0.000022 seconds.
  path: Assets/Grass - Toon/Models/Grass_Pack_H_09.fbx
  artifactKey: Guid(e32374a9a8ccb574c89f23c118faf93f) Importer(815301076,1909f56bfc062723c751e8b465ee728b)
Start importing Assets/Grass - Toon/Models/Grass_Pack_H_09.fbx using Guid(e32374a9a8ccb574c89f23c118faf93f) Importer(815301076,1909f56bfc062723c751e8b465ee728b)  -> (artifact id: '151bc102f01d92089f16e60c698200e4') in 0.020300 seconds 
========================================================================
Received Import Request.
  Time since last request: 0.000029 seconds.
  path: Assets/Grass - Toon/Models/Grass_Pack_I_01.fbx
  artifactKey: Guid(74ae4c2f14b677d449138a2234592932) Importer(815301076,1909f56bfc062723c751e8b465ee728b)
Start importing Assets/Grass - Toon/Models/Grass_Pack_I_01.fbx using Guid(74ae4c2f14b677d449138a2234592932) Importer(815301076,1909f56bfc062723c751e8b465ee728b)  -> (artifact id: '1f667e7161719365e5a1cf6c9073e580') in 0.018827 seconds 
========================================================================
Received Import Request.
  Time since last request: 0.000022 seconds.
  path: Assets/Grass - Toon/Models/Grass_Pack_I_04.fbx
  artifactKey: Guid(7e4b20bf147dc834d8ca95bba2609137) Importer(815301076,1909f56bfc062723c751e8b465ee728b)
Start importing Assets/Grass - Toon/Models/Grass_Pack_I_04.fbx using Guid(7e4b20bf147dc834d8ca95bba2609137) Importer(815301076,1909f56bfc062723c751e8b465ee728b)  -> (artifact id: '597b6bc969480038ac9bc6b445c1a834') in 0.018613 seconds 
========================================================================
Received Import Request.
  Time since last request: 0.000028 seconds.
  path: Assets/Grass - Toon/Models/Grass_Pack_J_01.fbx
  artifactKey: Guid(c4c4f322405a0c94286af5bebe4d0a8c) Importer(815301076,1909f56bfc062723c751e8b465ee728b)
Start importing Assets/Grass - Toon/Models/Grass_Pack_J_01.fbx using Guid(c4c4f322405a0c94286af5bebe4d0a8c) Importer(815301076,1909f56bfc062723c751e8b465ee728b)  -> (artifact id: '2b89c87a126616c662445f489fc5e6b5') in 0.021967 seconds 
========================================================================
Received Import Request.
  Time since last request: 0.000026 seconds.
  path: Assets/Grass - Toon/Models/Grass_Pack_K_04.fbx
  artifactKey: Guid(ff151414cdbc43046b74a27995f89de4) Importer(815301076,1909f56bfc062723c751e8b465ee728b)
Start importing Assets/Grass - Toon/Models/Grass_Pack_K_04.fbx using Guid(ff151414cdbc43046b74a27995f89de4) Importer(815301076,1909f56bfc062723c751e8b465ee728b)  -> (artifact id: '8e5a39960ac10a13e1c849a92ee66be5') in 0.018888 seconds 
========================================================================
Received Import Request.
  Time since last request: 0.000036 seconds.
  path: Assets/Grass - Toon/Models/Grass_Pack_I_07.fbx
  artifactKey: Guid(8537f967529ae084193c7e7cc721ae52) Importer(815301076,1909f56bfc062723c751e8b465ee728b)
Start importing Assets/Grass - Toon/Models/Grass_Pack_I_07.fbx using Guid(8537f967529ae084193c7e7cc721ae52) Importer(815301076,1909f56bfc062723c751e8b465ee728b)  -> (artifact id: 'dff0a555ea4c768c6e0dd224fe891230') in 0.019368 seconds 
========================================================================
Received Import Request.
  Time since last request: 0.000026 seconds.
  path: Assets/Grass - Toon/Models/Grass_G_12.fbx
  artifactKey: Guid(c0738379044bcbb4e9d2cd54bd31ef53) Importer(815301076,1909f56bfc062723c751e8b465ee728b)
Start importing Assets/Grass - Toon/Models/Grass_G_12.fbx using Guid(c0738379044bcbb4e9d2cd54bd31ef53) Importer(815301076,1909f56bfc062723c751e8b465ee728b)  -> (artifact id: '4ab886924b9a1926207c1a99ec701304') in 0.019215 seconds 
========================================================================
Received Import Request.
  Time since last request: 0.000027 seconds.
  path: Assets/Grass - Toon/Models/Grass_H_02.fbx
  artifactKey: Guid(7bfe6611c49f7904dafe5071e400bf30) Importer(815301076,1909f56bfc062723c751e8b465ee728b)
Start importing Assets/Grass - Toon/Models/Grass_H_02.fbx using Guid(7bfe6611c49f7904dafe5071e400bf30) Importer(815301076,1909f56bfc062723c751e8b465ee728b)  -> (artifact id: '46f5645aebd2b67989811595bd43f38c') in 0.018901 seconds 
========================================================================
Received Import Request.
  Time since last request: 0.000024 seconds.
  path: Assets/Grass - Toon/Models/Grass_Pack_H_11.fbx
  artifactKey: Guid(f5aae1ca398bcd74dabc452af75c9e80) Importer(815301076,1909f56bfc062723c751e8b465ee728b)
Start importing Assets/Grass - Toon/Models/Grass_Pack_H_11.fbx using Guid(f5aae1ca398bcd74dabc452af75c9e80) Importer(815301076,1909f56bfc062723c751e8b465ee728b)  -> (artifact id: 'b8c8ee4d635083470ab97a54ea970efc') in 0.020118 seconds 
========================================================================
Received Import Request.
  Time since last request: 0.000023 seconds.
  path: Assets/Grass - Toon/Models/Grass_N_12.fbx
  artifactKey: Guid(0736773ac8afdd24d93e96e9238f3945) Importer(815301076,1909f56bfc062723c751e8b465ee728b)
Start importing Assets/Grass - Toon/Models/Grass_N_12.fbx using Guid(0736773ac8afdd24d93e96e9238f3945) Importer(815301076,1909f56bfc062723c751e8b465ee728b)  -> (artifact id: 'db62ec14f0abdc413332aa92f0f72982') in 0.019479 seconds 
========================================================================
Received Import Request.
  Time since last request: 0.000021 seconds.
  path: Assets/Grass - Toon/Models/Grass_Pack_H_06.fbx
  artifactKey: Guid(ab97e1b020b8ce44b9bff9f2596d1cd4) Importer(815301076,1909f56bfc062723c751e8b465ee728b)
Start importing Assets/Grass - Toon/Models/Grass_Pack_H_06.fbx using Guid(ab97e1b020b8ce44b9bff9f2596d1cd4) Importer(815301076,1909f56bfc062723c751e8b465ee728b)  -> (artifact id: '3ec505ed52f87b5922174d08194113cc') in 0.020429 seconds 
========================================================================
Received Import Request.
  Time since last request: 0.000027 seconds.
  path: Assets/Grass - Toon/Models/Grass_J_03.fbx
  artifactKey: Guid(bfd014bd259979d4b88943e4f60378be) Importer(815301076,1909f56bfc062723c751e8b465ee728b)
Start importing Assets/Grass - Toon/Models/Grass_J_03.fbx using Guid(bfd014bd259979d4b88943e4f60378be) Importer(815301076,1909f56bfc062723c751e8b465ee728b)  -> (artifact id: 'dbdacc6c06662639a247f8c7610af57c') in 0.018796 seconds 
========================================================================
Received Import Request.
  Time since last request: 0.000020 seconds.
  path: Assets/Grass - Toon/Models/Grass_N_10.fbx
  artifactKey: Guid(67c807ef830bf7447bc8dcce97960a7e) Importer(815301076,1909f56bfc062723c751e8b465ee728b)
Start importing Assets/Grass - Toon/Models/Grass_N_10.fbx using Guid(67c807ef830bf7447bc8dcce97960a7e) Importer(815301076,1909f56bfc062723c751e8b465ee728b)  -> (artifact id: '29435a4aa8764de698b8e1e403b4169d') in 0.020406 seconds 
========================================================================
Received Import Request.
  Time since last request: 0.000027 seconds.
  path: Assets/Grass - Toon/Models/Grass_Pack_F_10.fbx
  artifactKey: Guid(347097d910c29064fa5e1135a3261ccc) Importer(815301076,1909f56bfc062723c751e8b465ee728b)
Start importing Assets/Grass - Toon/Models/Grass_Pack_F_10.fbx using Guid(347097d910c29064fa5e1135a3261ccc) Importer(815301076,1909f56bfc062723c751e8b465ee728b)  -> (artifact id: '90ebc2b3478bcb785ae80415b8bbf174') in 0.018323 seconds 
========================================================================
Received Import Request.
  Time since last request: 0.000032 seconds.
  path: Assets/Grass - Toon/Models/Grass_H_03.fbx
  artifactKey: Guid(a374c98bdd4dca6438241d2db45ae4ad) Importer(815301076,1909f56bfc062723c751e8b465ee728b)
Start importing Assets/Grass - Toon/Models/Grass_H_03.fbx using Guid(a374c98bdd4dca6438241d2db45ae4ad) Importer(815301076,1909f56bfc062723c751e8b465ee728b)  -> (artifact id: 'b606092227f5267b923748ef6d1add9f') in 0.020505 seconds 
========================================================================
Received Import Request.
  Time since last request: 0.000027 seconds.
  path: Assets/Grass - Toon/Models/Grass_N_07.fbx
  artifactKey: Guid(76311cc4d4e5f7147bd8e98f01ec4e17) Importer(815301076,1909f56bfc062723c751e8b465ee728b)
Start importing Assets/Grass - Toon/Models/Grass_N_07.fbx using Guid(76311cc4d4e5f7147bd8e98f01ec4e17) Importer(815301076,1909f56bfc062723c751e8b465ee728b)  -> (artifact id: '124ca5a7c14200b8d0b8115669814187') in 0.021225 seconds 
Editor requested this worker to shutdown with reason: Scaling down because of idle timeout
AssetImportWorker is now disconnected from the server
Process exiting
Exiting without the bug reporter. Application will terminate with return code 0