Using pre-set license
Built from '2021.3/staging' branch; Version is '2021.3.15f1 (e8e88683f834) revision 15263878'; Using compiler version '192829333'; Build Type 'Release'
OS: 'Windows 11  (10.0.22621) 64bit Core' Language: 'en' Physical Memory: 32635 MB
BatchMode: 1, IsHumanControllingUs: 0, StartBugReporterOnCrash: 0, Is64bit: 1, IsPro: 1

COMMAND LINE ARGUMENTS:
C:\Program Files\Unity\Hub\Editor\2021.3.15f1\Editor\Unity.exe
-adb2
-batchMode
-noUpm
-name
AssetImportWorker0
-projectPath
C:/Users/mattf/Cane 2021
-logFile
Logs/AssetImportWorker0.log
-srvPort
53852
Successfully changed project path to: C:/Users/mattf/Cane 2021
C:/Users/mattf/Cane 2021
[UnityMemory] Configuration Parameters - Can be set up in boot.config
    "memorysetup-bucket-allocator-granularity=16"
    "memorysetup-bucket-allocator-bucket-count=8"
    "memorysetup-bucket-allocator-block-size=33554432"
    "memorysetup-bucket-allocator-block-count=8"
    "memorysetup-main-allocator-block-size=16777216"
    "memorysetup-thread-allocator-block-size=16777216"
    "memorysetup-gfx-main-allocator-block-size=16777216"
    "memorysetup-gfx-thread-allocator-block-size=16777216"
    "memorysetup-cache-allocator-block-size=4194304"
    "memorysetup-typetree-allocator-block-size=2097152"
    "memorysetup-profiler-bucket-allocator-granularity=16"
    "memorysetup-profiler-bucket-allocator-bucket-count=8"
    "memorysetup-profiler-bucket-allocator-block-size=33554432"
    "memorysetup-profiler-bucket-allocator-block-count=8"
    "memorysetup-profiler-allocator-block-size=16777216"
    "memorysetup-profiler-editor-allocator-block-size=1048576"
    "memorysetup-temp-allocator-size-main=16777216"
    "memorysetup-job-temp-allocator-block-size=2097152"
    "memorysetup-job-temp-allocator-block-size-background=1048576"
    "memorysetup-job-temp-allocator-reduction-small-platforms=262144"
    "memorysetup-temp-allocator-size-background-worker=32768"
    "memorysetup-temp-allocator-size-job-worker=262144"
    "memorysetup-temp-allocator-size-preload-manager=33554432"
    "memorysetup-temp-allocator-size-nav-mesh-worker=65536"
    "memorysetup-temp-allocator-size-audio-worker=65536"
    "memorysetup-temp-allocator-size-cloud-worker=32768"
    "memorysetup-temp-allocator-size-gi-baking-worker=262144"
    "memorysetup-temp-allocator-size-gfx=262144"
Player connection [7020] Host "[IP] 10.65.165.150 [Port] 0 [Flags] 2 [Guid] 2158399528 [EditorId] 2158399528 [Version] 1048832 [Id] WindowsEditor(7,Madcade) [Debug] 1 [PackageName] WindowsEditor [ProjectName] Editor" joined multi-casting on [225.0.0.222:54997]...

Player connection [7020] Host "[IP] 10.65.165.150 [Port] 0 [Flags] 2 [Guid] 2158399528 [EditorId] 2158399528 [Version] 1048832 [Id] WindowsEditor(7,Madcade) [Debug] 1 [PackageName] WindowsEditor [ProjectName] Editor" joined alternative multi-casting on [225.0.0.222:34997]...

Refreshing native plugins compatible for Editor in 86.80 ms, found 3 plugins.
Preloading 0 native plugins for Editor in 0.00 ms.
Initialize engine version: 2021.3.15f1 (e8e88683f834)
[Subsystems] Discovering subsystems at path C:/Program Files/Unity/Hub/Editor/2021.3.15f1/Editor/Data/Resources/UnitySubsystems
[Subsystems] Discovering subsystems at path C:/Users/mattf/Cane 2021/Assets
GfxDevice: creating device client; threaded=0; jobified=0
Direct3D:
    Version:  Direct3D 11.0 [level 11.1]
    Renderer: NVIDIA GeForce RTX 2060 (ID=0x1f08)
    Vendor:   NVIDIA
    VRAM:     5980 MB
    Driver:   30.0.15.1179
Initialize mono
Mono path[0] = 'C:/Program Files/Unity/Hub/Editor/2021.3.15f1/Editor/Data/Managed'
Mono path[1] = 'C:/Program Files/Unity/Hub/Editor/2021.3.15f1/Editor/Data/MonoBleedingEdge/lib/mono/unityjit-win32'
Mono config path = 'C:/Program Files/Unity/Hub/Editor/2021.3.15f1/Editor/Data/MonoBleedingEdge/etc'
Using monoOptions --debugger-agent=transport=dt_socket,embedding=1,server=y,suspend=n,address=127.0.0.1:56488
Begin MonoManager ReloadAssembly
Registering precompiled unity dll's ...
Register platform support module: C:/Program Files/Unity/Hub/Editor/2021.3.15f1/Editor/Data/PlaybackEngines/WebGLSupport/UnityEditor.WebGL.Extensions.dll
Register platform support module: C:/Program Files/Unity/Hub/Editor/2021.3.15f1/Editor/Data/PlaybackEngines/WindowsStandaloneSupport/UnityEditor.WindowsStandalone.Extensions.dll
Registered in 0.005054 seconds.
Native extension for WindowsStandalone target not found
Native extension for WebGL target not found
Refreshing native plugins compatible for Editor in 83.24 ms, found 3 plugins.
Preloading 0 native plugins for Editor in 0.00 ms.
Mono: successfully reloaded assembly
- Completed reload, in  0.579 seconds
Domain Reload Profiling:
	ReloadAssembly (579ms)
		BeginReloadAssembly (60ms)
			ExecutionOrderSort (0ms)
			DisableScriptedObjects (0ms)
			BackupInstance (0ms)
			ReleaseScriptingObjects (0ms)
			CreateAndSetChildDomain (1ms)
		EndReloadAssembly (426ms)
			LoadAssemblies (58ms)
			RebuildTransferFunctionScriptingTraits (0ms)
			SetupTypeCache (95ms)
			ReleaseScriptCaches (0ms)
			RebuildScriptCaches (24ms)
			SetupLoadedEditorAssemblies (257ms)
				LogAssemblyErrors (0ms)
				InitializePlatformSupportModulesInManaged (6ms)
				SetLoadedEditorAssemblies (0ms)
				RefreshPlugins (83ms)
				BeforeProcessingInitializeOnLoad (1ms)
				ProcessInitializeOnLoadAttributes (118ms)
				ProcessInitializeOnLoadMethodAttributes (47ms)
				AfterProcessingInitializeOnLoad (0ms)
				EditorAssembliesLoaded (1ms)
			ExecutionOrderSort2 (0ms)
			AwakeInstancesAfterBackupRestoration (0ms)
Platform modules already initialized, skipping
Registering precompiled user dll's ...
Registered in 0.004392 seconds.
Begin MonoManager ReloadAssembly
Symbol file LoadedFromMemory doesn't match image C:\Users\mattf\Cane 2021\Library\PackageCache\com.unity.visualscripting@1.7.8\Editor\VisualScripting.Core\Dependencies\YamlDotNet\Unity.VisualScripting.YamlDotNet.dll
Symbol file LoadedFromMemory doesn't match image C:\Users\mattf\Cane 2021\Library\PackageCache\com.unity.visualscripting@1.7.8\Editor\VisualScripting.Core\Dependencies\DotNetZip\Unity.VisualScripting.IonicZip.dll
Native extension for WindowsStandalone target not found
Native extension for WebGL target not found
Refreshing native plugins compatible for Editor in 0.55 ms, found 3 plugins.
Preloading 0 native plugins for Editor in 0.00 ms.
Mono: successfully reloaded assembly
- Completed reload, in  0.856 seconds
Domain Reload Profiling:
	ReloadAssembly (856ms)
		BeginReloadAssembly (84ms)
			ExecutionOrderSort (0ms)
			DisableScriptedObjects (4ms)
			BackupInstance (0ms)
			ReleaseScriptingObjects (0ms)
			CreateAndSetChildDomain (17ms)
		EndReloadAssembly (677ms)
			LoadAssemblies (57ms)
			RebuildTransferFunctionScriptingTraits (0ms)
			SetupTypeCache (229ms)
			ReleaseScriptCaches (0ms)
			RebuildScriptCaches (46ms)
			SetupLoadedEditorAssemblies (301ms)
				LogAssemblyErrors (0ms)
				InitializePlatformSupportModulesInManaged (5ms)
				SetLoadedEditorAssemblies (0ms)
				RefreshPlugins (1ms)
				BeforeProcessingInitializeOnLoad (69ms)
				ProcessInitializeOnLoadAttributes (198ms)
				ProcessInitializeOnLoadMethodAttributes (22ms)
				AfterProcessingInitializeOnLoad (6ms)
				EditorAssembliesLoaded (0ms)
			ExecutionOrderSort2 (0ms)
			AwakeInstancesAfterBackupRestoration (7ms)
Platform modules already initialized, skipping
========================================================================
Worker process is ready to serve import requests
Launched and connected shader compiler UnityShaderCompiler.exe after 0.03 seconds
Refreshing native plugins compatible for Editor in 0.80 ms, found 3 plugins.
Preloading 0 native plugins for Editor in 0.00 ms.
Unloading 3412 Unused Serialized files (Serialized files now loaded: 0)
Unloading 27 unused Assets / (114.0 KB). Loaded Objects now: 3875.
Memory consumption went from 121.3 MB to 121.2 MB.
Total: 3.885000 ms (FindLiveObjects: 0.312700 ms CreateObjectMapping: 0.217800 ms MarkObjects: 3.183100 ms  DeleteObjects: 0.169900 ms)

AssetImportParameters requested are different than current active one (requested -> active):
  custom:video-decoder-ogg-theora: a1e56fd34408186e4bbccfd4996cb3dc -> 
  custom:container-muxer-webm: aa71ff27fc2769a1b78a27578f13a17b -> 
  custom:container-demuxer-webm: 4f35f7cbe854078d1ac9338744f61a02 -> 
  custom:video-encoder-webm-vp8: eb34c28f22e8b96e1ab97ce403110664 -> 
  custom:audio-encoder-webm-vorbis: bf7c407c2cedff20999df2af8eb42d56 -> 
  custom:framework-win-MediaFoundation: 216162199b28c13a410421893ffa2e32 -> 
  custom:container-demuxer-ogg: 62fdf1f143b41e24485cea50d1cbac27 -> 
  custom:video-decoder-webm-vp8: 9c59270c3fd7afecdb556c50c9e8de78 -> 
  custom:audio-decoder-ogg-vorbis: bf7c407c2cedff20999df2af8eb42d56 -> 
========================================================================
Received Prepare
Registering precompiled user dll's ...
Registered in 0.004522 seconds.
Begin MonoManager ReloadAssembly
Symbol file LoadedFromMemory doesn't match image C:\Users\mattf\Cane 2021\Library\PackageCache\com.unity.visualscripting@1.7.8\Editor\VisualScripting.Core\Dependencies\YamlDotNet\Unity.VisualScripting.YamlDotNet.dll
Symbol file LoadedFromMemory doesn't match image C:\Users\mattf\Cane 2021\Library\PackageCache\com.unity.visualscripting@1.7.8\Editor\VisualScripting.Core\Dependencies\DotNetZip\Unity.VisualScripting.IonicZip.dll
Native extension for WindowsStandalone target not found
Native extension for WebGL target not found
Refreshing native plugins compatible for Editor in 0.79 ms, found 3 plugins.
Preloading 0 native plugins for Editor in 0.00 ms.
Mono: successfully reloaded assembly
- Completed reload, in  0.941 seconds
Domain Reload Profiling:
	ReloadAssembly (942ms)
		BeginReloadAssembly (122ms)
			ExecutionOrderSort (0ms)
			DisableScriptedObjects (5ms)
			BackupInstance (0ms)
			ReleaseScriptingObjects (0ms)
			CreateAndSetChildDomain (32ms)
		EndReloadAssembly (725ms)
			LoadAssemblies (76ms)
			RebuildTransferFunctionScriptingTraits (0ms)
			SetupTypeCache (260ms)
			ReleaseScriptCaches (1ms)
			RebuildScriptCaches (36ms)
			SetupLoadedEditorAssemblies (315ms)
				LogAssemblyErrors (0ms)
				InitializePlatformSupportModulesInManaged (12ms)
				SetLoadedEditorAssemblies (1ms)
				RefreshPlugins (1ms)
				BeforeProcessingInitializeOnLoad (61ms)
				ProcessInitializeOnLoadAttributes (210ms)
				ProcessInitializeOnLoadMethodAttributes (27ms)
				AfterProcessingInitializeOnLoad (4ms)
				EditorAssembliesLoaded (0ms)
			ExecutionOrderSort2 (0ms)
			AwakeInstancesAfterBackupRestoration (7ms)
Platform modules already initialized, skipping
Refreshing native plugins compatible for Editor in 1.86 ms, found 3 plugins.
Preloading 0 native plugins for Editor in 0.00 ms.
Unloading 3405 Unused Serialized files (Serialized files now loaded: 0)
Unloading 20 unused Assets / (80.9 KB). Loaded Objects now: 3878.
Memory consumption went from 121.0 MB to 120.9 MB.
Total: 3.465000 ms (FindLiveObjects: 0.227000 ms CreateObjectMapping: 0.120300 ms MarkObjects: 2.978900 ms  DeleteObjects: 0.137500 ms)

AssetImportParameters requested are different than current active one (requested -> active):
  custom:video-decoder-ogg-theora: a1e56fd34408186e4bbccfd4996cb3dc -> 
  custom:container-muxer-webm: aa71ff27fc2769a1b78a27578f13a17b -> 
  custom:container-demuxer-webm: 4f35f7cbe854078d1ac9338744f61a02 -> 
  custom:video-encoder-webm-vp8: eb34c28f22e8b96e1ab97ce403110664 -> 
  custom:audio-encoder-webm-vorbis: bf7c407c2cedff20999df2af8eb42d56 -> 
  custom:framework-win-MediaFoundation: 216162199b28c13a410421893ffa2e32 -> 
  custom:container-demuxer-ogg: 62fdf1f143b41e24485cea50d1cbac27 -> 
  custom:video-decoder-webm-vp8: 9c59270c3fd7afecdb556c50c9e8de78 -> 
  custom:audio-decoder-ogg-vorbis: bf7c407c2cedff20999df2af8eb42d56 -> 
========================================================================
Received Import Request.
  Time since last request: 1291054.222073 seconds.
  path: Assets/InteractiveGrass/Scenes/DemoScene.unity
  artifactKey: Guid(8bd42aaee23b1194c8608840b631f19e) Importer(815301076,1909f56bfc062723c751e8b465ee728b)
Start importing Assets/InteractiveGrass/Scenes/DemoScene.unity using Guid(8bd42aaee23b1194c8608840b631f19e) Importer(815301076,1909f56bfc062723c751e8b465ee728b)  -> (artifact id: 'ca8f3ef2dbab77eac56f0a9c12d195ff') in 0.012514 seconds 
========================================================================
Received Import Request.
  Time since last request: 175.948275 seconds.
  path: Assets/Nicrom/PolyPacks/Wind/Assets/Models/LPW_Ground_A1_100x100_01.fbx
  artifactKey: Guid(dbc5577fb32b294459a6c2b9d3f4d366) Importer(815301076,1909f56bfc062723c751e8b465ee728b)
Start importing Assets/Nicrom/PolyPacks/Wind/Assets/Models/LPW_Ground_A1_100x100_01.fbx using Guid(dbc5577fb32b294459a6c2b9d3f4d366) Importer(815301076,1909f56bfc062723c751e8b465ee728b)  -> (artifact id: '6d5fe494666476f06d067ff9fcfb30c9') in 0.149997 seconds 
========================================================================
Received Import Request.
  Time since last request: 0.000027 seconds.
  path: Assets/Nicrom/PolyPacks/Wind/Assets/Models/LPW_Tree_C1_9m_01.fbx
  artifactKey: Guid(80d15eccca9181a4386c007b45199982) Importer(815301076,1909f56bfc062723c751e8b465ee728b)
Start importing Assets/Nicrom/PolyPacks/Wind/Assets/Models/LPW_Tree_C1_9m_01.fbx using Guid(80d15eccca9181a4386c007b45199982) Importer(815301076,1909f56bfc062723c751e8b465ee728b)  -> (artifact id: '1ca193fb0c132b67bd96cc7c77f5f9c7') in 0.095127 seconds 
========================================================================
Received Import Request.
  Time since last request: 0.000036 seconds.
  path: Assets/Nicrom/PolyPacks/Wind/Assets/Models/LPW_Rock_Boulder_A1_01.fbx
  artifactKey: Guid(f3a70418971d85f47a436c1493b944d8) Importer(815301076,1909f56bfc062723c751e8b465ee728b)
Start importing Assets/Nicrom/PolyPacks/Wind/Assets/Models/LPW_Rock_Boulder_A1_01.fbx using Guid(f3a70418971d85f47a436c1493b944d8) Importer(815301076,1909f56bfc062723c751e8b465ee728b)  -> (artifact id: '34213f7e3523fc4774fb67eeaf8cfa38') in 0.022633 seconds 
========================================================================
Received Import Request.
  Time since last request: 0.000025 seconds.
  path: Assets/Forces&PhysicsLab/Examples/Models/Magnet.FBX
  artifactKey: Guid(4d853847de77b1446a3e6c0ae6382299) Importer(815301076,1909f56bfc062723c751e8b465ee728b)
Start importing Assets/Forces&PhysicsLab/Examples/Models/Magnet.FBX using Guid(4d853847de77b1446a3e6c0ae6382299) Importer(815301076,1909f56bfc062723c751e8b465ee728b)  -> (artifact id: 'e4488425c59c2eed9179ea7eaf4744ff') in 0.025628 seconds 
========================================================================
Received Import Request.
  Time since last request: 0.000023 seconds.
  path: Assets/Nicrom/PolyPacks/Wind/Assets/Models/LPW_Tree_B1_9m_02.fbx
  artifactKey: Guid(4acbe20131f3a684c914f20a1194b751) Importer(815301076,1909f56bfc062723c751e8b465ee728b)
Start importing Assets/Nicrom/PolyPacks/Wind/Assets/Models/LPW_Tree_B1_9m_02.fbx using Guid(4acbe20131f3a684c914f20a1194b751) Importer(815301076,1909f56bfc062723c751e8b465ee728b)  -> (artifact id: '5f1813012b6d2694be1e688e5873dea4') in 0.018169 seconds 
========================================================================
Received Import Request.
  Time since last request: 0.000025 seconds.
  path: Assets/Nicrom/PolyPacks/Wind/Assets/Models/LPW_Tree_C1_11m_01.fbx
  artifactKey: Guid(e27c287717052ac4b903c9f886180c78) Importer(815301076,1909f56bfc062723c751e8b465ee728b)
Start importing Assets/Nicrom/PolyPacks/Wind/Assets/Models/LPW_Tree_C1_11m_01.fbx using Guid(e27c287717052ac4b903c9f886180c78) Importer(815301076,1909f56bfc062723c751e8b465ee728b)  -> (artifact id: '19841baba73ae654b7b3f323dc540fa2') in 0.019560 seconds 
========================================================================
Received Import Request.
  Time since last request: 0.000025 seconds.
  path: Assets/Forces&PhysicsLab/Examples/Models/UnBalancedSphere.FBX
  artifactKey: Guid(ad8f3f52435fa4843821b70248f04dfd) Importer(815301076,1909f56bfc062723c751e8b465ee728b)
Start importing Assets/Forces&PhysicsLab/Examples/Models/UnBalancedSphere.FBX using Guid(ad8f3f52435fa4843821b70248f04dfd) Importer(815301076,1909f56bfc062723c751e8b465ee728b)  -> (artifact id: 'e15c7c0025c51e2f1e32eb79ee4298ea') in 0.019041 seconds 
========================================================================
Received Import Request.
  Time since last request: 0.000027 seconds.
  path: Assets/Forces&PhysicsLab/Examples/Models/Hovercraft.FBX
  artifactKey: Guid(2b3d79c1dcbafac4b841ce9bbf44e901) Importer(815301076,1909f56bfc062723c751e8b465ee728b)
Start importing Assets/Forces&PhysicsLab/Examples/Models/Hovercraft.FBX using Guid(2b3d79c1dcbafac4b841ce9bbf44e901) Importer(815301076,1909f56bfc062723c751e8b465ee728b)  -> (artifact id: '8de151cd9a261ac1aaece31f301cef3d') in 0.035201 seconds 
========================================================================
Received Import Request.
  Time since last request: 1.021961 seconds.
  path: Assets/Nicrom/PolyPacks/Wind/Assets/Models/LPW_Flower_A1_H70cm_01.fbx
  artifactKey: Guid(9715bf1e661b47842977d36abed88781) Importer(815301076,1909f56bfc062723c751e8b465ee728b)
Start importing Assets/Nicrom/PolyPacks/Wind/Assets/Models/LPW_Flower_A1_H70cm_01.fbx using Guid(9715bf1e661b47842977d36abed88781) Importer(815301076,1909f56bfc062723c751e8b465ee728b)  -> (artifact id: 'a28d6ce48b0042add7df06cee20eabb3') in 0.020031 seconds 
========================================================================
Received Import Request.
  Time since last request: 0.000017 seconds.
  path: Assets/Nicrom/PolyPacks/Wind/Assets/Models/LPW_Grass_A1_50cm_01.fbx
  artifactKey: Guid(02e48aea181058a47acc4c8a06b88f13) Importer(815301076,1909f56bfc062723c751e8b465ee728b)
Start importing Assets/Nicrom/PolyPacks/Wind/Assets/Models/LPW_Grass_A1_50cm_01.fbx using Guid(02e48aea181058a47acc4c8a06b88f13) Importer(815301076,1909f56bfc062723c751e8b465ee728b)  -> (artifact id: '4bb38c0f927a4f19ddeb4d45a0dc1e37') in 0.015141 seconds 
========================================================================
Received Import Request.
  Time since last request: 0.044454 seconds.
  path: Assets/Grass - Toon/Models/Grass_Pack_L_05.fbx
  artifactKey: Guid(ac46a8b7eafc15146b31d557e788048b) Importer(815301076,1909f56bfc062723c751e8b465ee728b)
Start importing Assets/Grass - Toon/Models/Grass_Pack_L_05.fbx using Guid(ac46a8b7eafc15146b31d557e788048b) Importer(815301076,1909f56bfc062723c751e8b465ee728b)  -> (artifact id: '261011fa0c646a55eb45f145741aa090') in 0.085725 seconds 
========================================================================
Received Import Request.
  Time since last request: 0.000026 seconds.
  path: Assets/Grass - Toon/Models/Grass_Pack_L_04.fbx
  artifactKey: Guid(6803a4cef02969640ae2b50b3ad7bc10) Importer(815301076,1909f56bfc062723c751e8b465ee728b)
Start importing Assets/Grass - Toon/Models/Grass_Pack_L_04.fbx using Guid(6803a4cef02969640ae2b50b3ad7bc10) Importer(815301076,1909f56bfc062723c751e8b465ee728b)  -> (artifact id: 'f9983c1a768bf4bb546deacc09b8b876') in 0.018045 seconds 
========================================================================
Received Import Request.
  Time since last request: 0.000021 seconds.
  path: Assets/Grass - Toon/Models/Grass_Pack_L_06.fbx
  artifactKey: Guid(26471f6985de55644bbbc841ce80ecbe) Importer(815301076,1909f56bfc062723c751e8b465ee728b)
Start importing Assets/Grass - Toon/Models/Grass_Pack_L_06.fbx using Guid(26471f6985de55644bbbc841ce80ecbe) Importer(815301076,1909f56bfc062723c751e8b465ee728b)  -> (artifact id: 'd1e553b35dc225f546b3f31d38a7cf01') in 0.018494 seconds 
========================================================================
Received Import Request.
  Time since last request: 0.000024 seconds.
  path: Assets/Forces&PhysicsLab/Examples/Models/GravityPlatform.FBX
  artifactKey: Guid(599c53bf8a7d57f4e942f597290fa469) Importer(815301076,1909f56bfc062723c751e8b465ee728b)
Start importing Assets/Forces&PhysicsLab/Examples/Models/GravityPlatform.FBX using Guid(599c53bf8a7d57f4e942f597290fa469) Importer(815301076,1909f56bfc062723c751e8b465ee728b)  -> (artifact id: 'c7912e9da6d601a9aece0a7d7a724788') in 0.033833 seconds 
========================================================================
Received Import Request.
  Time since last request: 0.000027 seconds.
  path: Assets/Grass - Toon/Models/Grass_Pack_L_02.fbx
  artifactKey: Guid(e911853f8c31e0e429a5a7663317002d) Importer(815301076,1909f56bfc062723c751e8b465ee728b)
Start importing Assets/Grass - Toon/Models/Grass_Pack_L_02.fbx using Guid(e911853f8c31e0e429a5a7663317002d) Importer(815301076,1909f56bfc062723c751e8b465ee728b)  -> (artifact id: 'a04da53612032fd2cc01e71ae21d0292') in 0.017698 seconds 
========================================================================
Received Import Request.
  Time since last request: 0.000036 seconds.
  path: Assets/Grass - Toon/Models/Grass_Pack_L_03.fbx
  artifactKey: Guid(239878b19d3f680458bd2bc56cef1d04) Importer(815301076,1909f56bfc062723c751e8b465ee728b)
Start importing Assets/Grass - Toon/Models/Grass_Pack_L_03.fbx using Guid(239878b19d3f680458bd2bc56cef1d04) Importer(815301076,1909f56bfc062723c751e8b465ee728b)  -> (artifact id: '6ed596b08952992fa464de75ad77f282') in 0.017789 seconds 
========================================================================
Received Import Request.
  Time since last request: 0.027739 seconds.
  path: Assets/Grass - Toon/Models/Grass_Pack_K_06.fbx
  artifactKey: Guid(f57faa74d96463249a5023a1a2aeab5c) Importer(815301076,1909f56bfc062723c751e8b465ee728b)
Start importing Assets/Grass - Toon/Models/Grass_Pack_K_06.fbx using Guid(f57faa74d96463249a5023a1a2aeab5c) Importer(815301076,1909f56bfc062723c751e8b465ee728b)  -> (artifact id: '9c73c5c98f93ec8b54457d85e7eff90f') in 0.014224 seconds 
========================================================================
Received Import Request.
  Time since last request: 0.000021 seconds.
  path: Assets/Grass - Toon/Models/Grass_Pack_L_01.fbx
  artifactKey: Guid(ae3107ca75dca334690e9893c9e07d12) Importer(815301076,1909f56bfc062723c751e8b465ee728b)
Start importing Assets/Grass - Toon/Models/Grass_Pack_L_01.fbx using Guid(ae3107ca75dca334690e9893c9e07d12) Importer(815301076,1909f56bfc062723c751e8b465ee728b)  -> (artifact id: '0fd8f3ed17531698c0c3724b395ef01e') in 0.017233 seconds 
========================================================================
Received Prepare
Registering precompiled user dll's ...
Registered in 0.003319 seconds.
Begin MonoManager ReloadAssembly
Symbol file LoadedFromMemory doesn't match image C:\Users\mattf\Cane 2021\Library\PackageCache\com.unity.visualscripting@1.7.8\Editor\VisualScripting.Core\Dependencies\YamlDotNet\Unity.VisualScripting.YamlDotNet.dll
Symbol file LoadedFromMemory doesn't match image C:\Users\mattf\Cane 2021\Library\PackageCache\com.unity.visualscripting@1.7.8\Editor\VisualScripting.Core\Dependencies\DotNetZip\Unity.VisualScripting.IonicZip.dll
Native extension for WindowsStandalone target not found
Native extension for WebGL target not found
Refreshing native plugins compatible for Editor in 0.83 ms, found 3 plugins.
Preloading 0 native plugins for Editor in 0.00 ms.
Mono: successfully reloaded assembly
- Completed reload, in  0.981 seconds
Domain Reload Profiling:
	ReloadAssembly (982ms)
		BeginReloadAssembly (117ms)
			ExecutionOrderSort (0ms)
			DisableScriptedObjects (3ms)
			BackupInstance (0ms)
			ReleaseScriptingObjects (0ms)
			CreateAndSetChildDomain (36ms)
		EndReloadAssembly (764ms)
			LoadAssemblies (73ms)
			RebuildTransferFunctionScriptingTraits (0ms)
			SetupTypeCache (297ms)
			ReleaseScriptCaches (1ms)
			RebuildScriptCaches (40ms)
			SetupLoadedEditorAssemblies (314ms)
				LogAssemblyErrors (0ms)
				InitializePlatformSupportModulesInManaged (14ms)
				SetLoadedEditorAssemblies (1ms)
				RefreshPlugins (1ms)
				BeforeProcessingInitializeOnLoad (62ms)
				ProcessInitializeOnLoadAttributes (208ms)
				ProcessInitializeOnLoadMethodAttributes (24ms)
				AfterProcessingInitializeOnLoad (5ms)
				EditorAssembliesLoaded (0ms)
			ExecutionOrderSort2 (0ms)
			AwakeInstancesAfterBackupRestoration (6ms)
Platform modules already initialized, skipping
Refreshing native plugins compatible for Editor in 2.10 ms, found 3 plugins.
Preloading 0 native plugins for Editor in 0.00 ms.
Unloading 3405 Unused Serialized files (Serialized files now loaded: 0)
Unloading 20 unused Assets / (81.3 KB). Loaded Objects now: 3929.
Memory consumption went from 126.6 MB to 126.6 MB.
Total: 2.307200 ms (FindLiveObjects: 0.268000 ms CreateObjectMapping: 0.154800 ms MarkObjects: 1.789700 ms  DeleteObjects: 0.093600 ms)

AssetImportParameters requested are different than current active one (requested -> active):
  custom:video-decoder-ogg-theora: a1e56fd34408186e4bbccfd4996cb3dc -> 
  custom:container-muxer-webm: aa71ff27fc2769a1b78a27578f13a17b -> 
  custom:container-demuxer-webm: 4f35f7cbe854078d1ac9338744f61a02 -> 
  custom:video-encoder-webm-vp8: eb34c28f22e8b96e1ab97ce403110664 -> 
  custom:audio-encoder-webm-vorbis: bf7c407c2cedff20999df2af8eb42d56 -> 
  custom:framework-win-MediaFoundation: 216162199b28c13a410421893ffa2e32 -> 
  custom:container-demuxer-ogg: 62fdf1f143b41e24485cea50d1cbac27 -> 
  custom:video-decoder-webm-vp8: 9c59270c3fd7afecdb556c50c9e8de78 -> 
  custom:audio-decoder-ogg-vorbis: bf7c407c2cedff20999df2af8eb42d56 -> 
Editor requested this worker to shutdown with reason: Scaling down because of idle timeout
AssetImportWorker is now disconnected from the server
Process exiting
Exiting without the bug reporter. Application will terminate with return code 0