Using pre-set license
Built from '2021.3/staging' branch; Version is '2021.3.15f1 (e8e88683f834) revision 15263878'; Using compiler version '192829333'; Build Type 'Release'
OS: 'Windows 11  (10.0.22621) 64bit Core' Language: 'en' Physical Memory: 32635 MB
BatchMode: 1, IsHumanControllingUs: 0, StartBugReporterOnCrash: 0, Is64bit: 1, IsPro: 1

COMMAND LINE ARGUMENTS:
C:\Program Files\Unity\Hub\Editor\2021.3.15f1\Editor\Unity.exe
-adb2
-batchMode
-noUpm
-name
AssetImportWorker6
-projectPath
C:/Users/mattf/Cane 2021
-logFile
Logs/AssetImportWorker6.log
-srvPort
53852
Successfully changed project path to: C:/Users/mattf/Cane 2021
C:/Users/mattf/Cane 2021
[UnityMemory] Configuration Parameters - Can be set up in boot.config
    "memorysetup-bucket-allocator-granularity=16"
    "memorysetup-bucket-allocator-bucket-count=8"
    "memorysetup-bucket-allocator-block-size=33554432"
    "memorysetup-bucket-allocator-block-count=8"
    "memorysetup-main-allocator-block-size=16777216"
    "memorysetup-thread-allocator-block-size=16777216"
    "memorysetup-gfx-main-allocator-block-size=16777216"
    "memorysetup-gfx-thread-allocator-block-size=16777216"
    "memorysetup-cache-allocator-block-size=4194304"
    "memorysetup-typetree-allocator-block-size=2097152"
    "memorysetup-profiler-bucket-allocator-granularity=16"
    "memorysetup-profiler-bucket-allocator-bucket-count=8"
    "memorysetup-profiler-bucket-allocator-block-size=33554432"
    "memorysetup-profiler-bucket-allocator-block-count=8"
    "memorysetup-profiler-allocator-block-size=16777216"
    "memorysetup-profiler-editor-allocator-block-size=1048576"
    "memorysetup-temp-allocator-size-main=16777216"
    "memorysetup-job-temp-allocator-block-size=2097152"
    "memorysetup-job-temp-allocator-block-size-background=1048576"
    "memorysetup-job-temp-allocator-reduction-small-platforms=262144"
    "memorysetup-temp-allocator-size-background-worker=32768"
    "memorysetup-temp-allocator-size-job-worker=262144"
    "memorysetup-temp-allocator-size-preload-manager=33554432"
    "memorysetup-temp-allocator-size-nav-mesh-worker=65536"
    "memorysetup-temp-allocator-size-audio-worker=65536"
    "memorysetup-temp-allocator-size-cloud-worker=32768"
    "memorysetup-temp-allocator-size-gi-baking-worker=262144"
    "memorysetup-temp-allocator-size-gfx=262144"
Player connection [18196] Host "[IP] 10.65.165.150 [Port] 0 [Flags] 2 [Guid] 3396809721 [EditorId] 3396809721 [Version] 1048832 [Id] WindowsEditor(7,Madcade) [Debug] 1 [PackageName] WindowsEditor [ProjectName] Editor" joined multi-casting on [225.0.0.222:54997]...

Player connection [18196] Host "[IP] 10.65.165.150 [Port] 0 [Flags] 2 [Guid] 3396809721 [EditorId] 3396809721 [Version] 1048832 [Id] WindowsEditor(7,Madcade) [Debug] 1 [PackageName] WindowsEditor [ProjectName] Editor" joined alternative multi-casting on [225.0.0.222:34997]...

Refreshing native plugins compatible for Editor in 96.08 ms, found 3 plugins.
Preloading 0 native plugins for Editor in 0.00 ms.
Initialize engine version: 2021.3.15f1 (e8e88683f834)
[Subsystems] Discovering subsystems at path C:/Program Files/Unity/Hub/Editor/2021.3.15f1/Editor/Data/Resources/UnitySubsystems
[Subsystems] Discovering subsystems at path C:/Users/mattf/Cane 2021/Assets
GfxDevice: creating device client; threaded=0; jobified=0
Direct3D:
    Version:  Direct3D 11.0 [level 11.1]
    Renderer: NVIDIA GeForce RTX 2060 (ID=0x1f08)
    Vendor:   NVIDIA
    VRAM:     5980 MB
    Driver:   30.0.15.1179
Initialize mono
Mono path[0] = 'C:/Program Files/Unity/Hub/Editor/2021.3.15f1/Editor/Data/Managed'
Mono path[1] = 'C:/Program Files/Unity/Hub/Editor/2021.3.15f1/Editor/Data/MonoBleedingEdge/lib/mono/unityjit-win32'
Mono config path = 'C:/Program Files/Unity/Hub/Editor/2021.3.15f1/Editor/Data/MonoBleedingEdge/etc'
Using monoOptions --debugger-agent=transport=dt_socket,embedding=1,server=y,suspend=n,address=127.0.0.1:56960
Begin MonoManager ReloadAssembly
Registering precompiled unity dll's ...
Register platform support module: C:/Program Files/Unity/Hub/Editor/2021.3.15f1/Editor/Data/PlaybackEngines/WebGLSupport/UnityEditor.WebGL.Extensions.dll
Register platform support module: C:/Program Files/Unity/Hub/Editor/2021.3.15f1/Editor/Data/PlaybackEngines/WindowsStandaloneSupport/UnityEditor.WindowsStandalone.Extensions.dll
Registered in 0.004954 seconds.
Native extension for WindowsStandalone target not found
Native extension for WebGL target not found
Refreshing native plugins compatible for Editor in 82.29 ms, found 3 plugins.
Preloading 0 native plugins for Editor in 0.00 ms.
Mono: successfully reloaded assembly
- Completed reload, in  0.588 seconds
Domain Reload Profiling:
	ReloadAssembly (588ms)
		BeginReloadAssembly (59ms)
			ExecutionOrderSort (0ms)
			DisableScriptedObjects (0ms)
			BackupInstance (0ms)
			ReleaseScriptingObjects (0ms)
			CreateAndSetChildDomain (1ms)
		EndReloadAssembly (432ms)
			LoadAssemblies (58ms)
			RebuildTransferFunctionScriptingTraits (0ms)
			SetupTypeCache (99ms)
			ReleaseScriptCaches (0ms)
			RebuildScriptCaches (25ms)
			SetupLoadedEditorAssemblies (263ms)
				LogAssemblyErrors (0ms)
				InitializePlatformSupportModulesInManaged (7ms)
				SetLoadedEditorAssemblies (0ms)
				RefreshPlugins (82ms)
				BeforeProcessingInitializeOnLoad (1ms)
				ProcessInitializeOnLoadAttributes (127ms)
				ProcessInitializeOnLoadMethodAttributes (44ms)
				AfterProcessingInitializeOnLoad (0ms)
				EditorAssembliesLoaded (0ms)
			ExecutionOrderSort2 (0ms)
			AwakeInstancesAfterBackupRestoration (0ms)
Platform modules already initialized, skipping
Registering precompiled user dll's ...
Registered in 0.004247 seconds.
Begin MonoManager ReloadAssembly
Symbol file LoadedFromMemory doesn't match image C:\Users\mattf\Cane 2021\Library\PackageCache\com.unity.visualscripting@1.7.8\Editor\VisualScripting.Core\Dependencies\YamlDotNet\Unity.VisualScripting.YamlDotNet.dll
Symbol file LoadedFromMemory doesn't match image C:\Users\mattf\Cane 2021\Library\PackageCache\com.unity.visualscripting@1.7.8\Editor\VisualScripting.Core\Dependencies\DotNetZip\Unity.VisualScripting.IonicZip.dll
Native extension for WindowsStandalone target not found
Native extension for WebGL target not found
Refreshing native plugins compatible for Editor in 0.58 ms, found 3 plugins.
Preloading 0 native plugins for Editor in 0.00 ms.
Mono: successfully reloaded assembly
- Completed reload, in  0.931 seconds
Domain Reload Profiling:
	ReloadAssembly (932ms)
		BeginReloadAssembly (96ms)
			ExecutionOrderSort (0ms)
			DisableScriptedObjects (6ms)
			BackupInstance (0ms)
			ReleaseScriptingObjects (0ms)
			CreateAndSetChildDomain (17ms)
		EndReloadAssembly (730ms)
			LoadAssemblies (68ms)
			RebuildTransferFunctionScriptingTraits (0ms)
			SetupTypeCache (252ms)
			ReleaseScriptCaches (0ms)
			RebuildScriptCaches (46ms)
			SetupLoadedEditorAssemblies (324ms)
				LogAssemblyErrors (0ms)
				InitializePlatformSupportModulesInManaged (5ms)
				SetLoadedEditorAssemblies (0ms)
				RefreshPlugins (1ms)
				BeforeProcessingInitializeOnLoad (75ms)
				ProcessInitializeOnLoadAttributes (216ms)
				ProcessInitializeOnLoadMethodAttributes (22ms)
				AfterProcessingInitializeOnLoad (5ms)
				EditorAssembliesLoaded (0ms)
			ExecutionOrderSort2 (0ms)
			AwakeInstancesAfterBackupRestoration (5ms)
Platform modules already initialized, skipping
========================================================================
Worker process is ready to serve import requests
Launched and connected shader compiler UnityShaderCompiler.exe after 0.03 seconds
Refreshing native plugins compatible for Editor in 0.66 ms, found 3 plugins.
Preloading 0 native plugins for Editor in 0.00 ms.
Unloading 3412 Unused Serialized files (Serialized files now loaded: 0)
Unloading 27 unused Assets / (114.0 KB). Loaded Objects now: 3875.
Memory consumption went from 121.3 MB to 121.2 MB.
Total: 2.524300 ms (FindLiveObjects: 0.218300 ms CreateObjectMapping: 0.136700 ms MarkObjects: 2.057900 ms  DeleteObjects: 0.110300 ms)

AssetImportParameters requested are different than current active one (requested -> active):
  custom:video-decoder-ogg-theora: a1e56fd34408186e4bbccfd4996cb3dc -> 
  custom:container-muxer-webm: aa71ff27fc2769a1b78a27578f13a17b -> 
  custom:container-demuxer-webm: 4f35f7cbe854078d1ac9338744f61a02 -> 
  custom:video-encoder-webm-vp8: eb34c28f22e8b96e1ab97ce403110664 -> 
  custom:audio-encoder-webm-vorbis: bf7c407c2cedff20999df2af8eb42d56 -> 
  custom:framework-win-MediaFoundation: 216162199b28c13a410421893ffa2e32 -> 
  custom:container-demuxer-ogg: 62fdf1f143b41e24485cea50d1cbac27 -> 
  custom:video-decoder-webm-vp8: 9c59270c3fd7afecdb556c50c9e8de78 -> 
  custom:audio-decoder-ogg-vorbis: bf7c407c2cedff20999df2af8eb42d56 -> 
========================================================================
Received Import Request.
  Time since last request: 1295069.893913 seconds.
  path: Assets/Grass - Toon/Models/Grass_A_13.fbx
  artifactKey: Guid(3ea8f356ffca31a45a1b4295988a5f6e) Importer(815301076,1909f56bfc062723c751e8b465ee728b)
Start importing Assets/Grass - Toon/Models/Grass_A_13.fbx using Guid(3ea8f356ffca31a45a1b4295988a5f6e) Importer(815301076,1909f56bfc062723c751e8b465ee728b)  -> (artifact id: '3db3680835557f50c2776a17b2b3df46') in 0.166997 seconds 
========================================================================
Received Import Request.
  Time since last request: 0.749985 seconds.
  path: Assets/Grass - Toon/Models/Grass_B_02.fbx
  artifactKey: Guid(b0807c15814ca8f4c988c8fbeb5977fb) Importer(815301076,1909f56bfc062723c751e8b465ee728b)
Start importing Assets/Grass - Toon/Models/Grass_B_02.fbx using Guid(b0807c15814ca8f4c988c8fbeb5977fb) Importer(815301076,1909f56bfc062723c751e8b465ee728b)  -> (artifact id: '30efc2ff22d1eafb65b42fe0ccf2a94e') in 0.042427 seconds 
========================================================================
Received Import Request.
  Time since last request: 0.013824 seconds.
  path: Assets/Grass - Toon/Models/Grass_B_05.fbx
  artifactKey: Guid(1ba3c3082db06224bb58adc899ab379b) Importer(815301076,1909f56bfc062723c751e8b465ee728b)
Start importing Assets/Grass - Toon/Models/Grass_B_05.fbx using Guid(1ba3c3082db06224bb58adc899ab379b) Importer(815301076,1909f56bfc062723c751e8b465ee728b)  -> (artifact id: '28979c9fb550c225620fa495f8be5d8b') in 0.017175 seconds 
========================================================================
Received Import Request.
  Time since last request: 0.000030 seconds.
  path: Assets/Grass - Toon/Models/Grass_B_08.fbx
  artifactKey: Guid(b2f96d605dd64934d8a07fa645526cb9) Importer(815301076,1909f56bfc062723c751e8b465ee728b)
Start importing Assets/Grass - Toon/Models/Grass_B_08.fbx using Guid(b2f96d605dd64934d8a07fa645526cb9) Importer(815301076,1909f56bfc062723c751e8b465ee728b)  -> (artifact id: 'c35b560bbdd27f1cceffab4781b1a0e0') in 0.018194 seconds 
========================================================================
Received Import Request.
  Time since last request: 0.214055 seconds.
  path: Assets/Grass - Toon/Models/Grass_B_10.fbx
  artifactKey: Guid(fabf4eda1cff99c4f994814b73ed358e) Importer(815301076,1909f56bfc062723c751e8b465ee728b)
Start importing Assets/Grass - Toon/Models/Grass_B_10.fbx using Guid(fabf4eda1cff99c4f994814b73ed358e) Importer(815301076,1909f56bfc062723c751e8b465ee728b)  -> (artifact id: '126fe7fc50aa9cdbe187cde0c527c0fd') in 0.028924 seconds 
========================================================================
Received Import Request.
  Time since last request: 0.026896 seconds.
  path: Assets/Grass - Toon/Models/Grass_C_01.fbx
  artifactKey: Guid(7eb4d4ca2019595489ffe155095055f1) Importer(815301076,1909f56bfc062723c751e8b465ee728b)
Start importing Assets/Grass - Toon/Models/Grass_C_01.fbx using Guid(7eb4d4ca2019595489ffe155095055f1) Importer(815301076,1909f56bfc062723c751e8b465ee728b)  -> (artifact id: 'f0696421b14acd353807e197e971f0b2') in 0.017125 seconds 
========================================================================
Received Import Request.
  Time since last request: 0.097827 seconds.
  path: Assets/Grass - Toon/Models/Grass_C_03.fbx
  artifactKey: Guid(f82dc7d31d6660e4cbf19f33d3ba4a20) Importer(815301076,1909f56bfc062723c751e8b465ee728b)
Start importing Assets/Grass - Toon/Models/Grass_C_03.fbx using Guid(f82dc7d31d6660e4cbf19f33d3ba4a20) Importer(815301076,1909f56bfc062723c751e8b465ee728b)  -> (artifact id: '02f2145f49bcc5c010772a732de68ebe') in 0.038628 seconds 
========================================================================
Received Import Request.
  Time since last request: 0.024271 seconds.
  path: Assets/Grass - Toon/Models/Grass_C_05.fbx
  artifactKey: Guid(54e742636c0775d4e8eb6fabda2bedfa) Importer(815301076,1909f56bfc062723c751e8b465ee728b)
Start importing Assets/Grass - Toon/Models/Grass_C_05.fbx using Guid(54e742636c0775d4e8eb6fabda2bedfa) Importer(815301076,1909f56bfc062723c751e8b465ee728b)  -> (artifact id: '5b0edd8fad0a18cce70befcc0a7f272f') in 0.036383 seconds 
========================================================================
Received Import Request.
  Time since last request: 0.947186 seconds.
  path: Assets/Grass - Toon/Models/Grass_C_07.fbx
  artifactKey: Guid(49075020022ff864387b820f6fe39fdc) Importer(815301076,1909f56bfc062723c751e8b465ee728b)
Start importing Assets/Grass - Toon/Models/Grass_C_07.fbx using Guid(49075020022ff864387b820f6fe39fdc) Importer(815301076,1909f56bfc062723c751e8b465ee728b)  -> (artifact id: '1461239384184a81a0896b7de86894e4') in 0.017993 seconds 
========================================================================
Received Import Request.
  Time since last request: 0.000022 seconds.
  path: Assets/Grass - Toon/Models/Grass_C_09.fbx
  artifactKey: Guid(dcc1cad00034ccc47b0325c41b9af33a) Importer(815301076,1909f56bfc062723c751e8b465ee728b)
Start importing Assets/Grass - Toon/Models/Grass_C_09.fbx using Guid(dcc1cad00034ccc47b0325c41b9af33a) Importer(815301076,1909f56bfc062723c751e8b465ee728b)  -> (artifact id: '5095006b069a4f42d71954f3e4b67dc1') in 0.019251 seconds 
========================================================================
Received Import Request.
  Time since last request: 0.014177 seconds.
  path: Assets/Grass - Toon/Models/Grass_D_02.fbx
  artifactKey: Guid(ebe52628ddb54c245ba018efdefc5085) Importer(815301076,1909f56bfc062723c751e8b465ee728b)
Start importing Assets/Grass - Toon/Models/Grass_D_02.fbx using Guid(ebe52628ddb54c245ba018efdefc5085) Importer(815301076,1909f56bfc062723c751e8b465ee728b)  -> (artifact id: 'afae5b5eec167dd958588c9edc978b65') in 0.017106 seconds 
========================================================================
Received Import Request.
  Time since last request: 0.000020 seconds.
  path: Assets/Grass - Toon/Models/Grass_D_04.fbx
  artifactKey: Guid(ccd93a1ea622a594ab7d03c8747fafdd) Importer(815301076,1909f56bfc062723c751e8b465ee728b)
Start importing Assets/Grass - Toon/Models/Grass_D_04.fbx using Guid(ccd93a1ea622a594ab7d03c8747fafdd) Importer(815301076,1909f56bfc062723c751e8b465ee728b)  -> (artifact id: '6c178941d81875d530f2bada3542608f') in 0.018739 seconds 
========================================================================
Received Import Request.
  Time since last request: 0.000027 seconds.
  path: Assets/Grass - Toon/Models/Grass_D_07.fbx
  artifactKey: Guid(a31a9e7204c34db4ba0e822ffd0ac6a6) Importer(815301076,1909f56bfc062723c751e8b465ee728b)
Start importing Assets/Grass - Toon/Models/Grass_D_07.fbx using Guid(a31a9e7204c34db4ba0e822ffd0ac6a6) Importer(815301076,1909f56bfc062723c751e8b465ee728b)  -> (artifact id: '600260251c831ea3cbe13a910e598a45') in 0.020958 seconds 
========================================================================
Received Import Request.
  Time since last request: 0.000028 seconds.
  path: Assets/Grass - Toon/Models/Grass_D_11.fbx
  artifactKey: Guid(ada17846c11fb924ea7a485d85bcb71d) Importer(815301076,1909f56bfc062723c751e8b465ee728b)
Start importing Assets/Grass - Toon/Models/Grass_D_11.fbx using Guid(ada17846c11fb924ea7a485d85bcb71d) Importer(815301076,1909f56bfc062723c751e8b465ee728b)  -> (artifact id: 'c4bd52727b15f37f5afd958ccc7ede47') in 0.018748 seconds 
========================================================================
Received Import Request.
  Time since last request: 0.000027 seconds.
  path: Assets/Grass - Toon/Models/Grass_E_06.fbx
  artifactKey: Guid(bb5d3418798f219449cb8325f724cbee) Importer(815301076,1909f56bfc062723c751e8b465ee728b)
Start importing Assets/Grass - Toon/Models/Grass_E_06.fbx using Guid(bb5d3418798f219449cb8325f724cbee) Importer(815301076,1909f56bfc062723c751e8b465ee728b)  -> (artifact id: 'fe3ae7651a952b0a8285c459905fcbef') in 0.021251 seconds 
========================================================================
Received Import Request.
  Time since last request: 0.000029 seconds.
  path: Assets/Grass - Toon/Models/Grass_E_03.fbx
  artifactKey: Guid(154b45dce4141a448a0aaef2a911fc9e) Importer(815301076,1909f56bfc062723c751e8b465ee728b)
Start importing Assets/Grass - Toon/Models/Grass_E_03.fbx using Guid(154b45dce4141a448a0aaef2a911fc9e) Importer(815301076,1909f56bfc062723c751e8b465ee728b)  -> (artifact id: '6bb4a22ce16827023b3fb8b2586bec80') in 0.020628 seconds 
========================================================================
Received Import Request.
  Time since last request: 0.000020 seconds.
  path: Assets/Grass - Toon/Models/Grass_D_10.fbx
  artifactKey: Guid(6ef68bf0785563c42885b2f85399e0df) Importer(815301076,1909f56bfc062723c751e8b465ee728b)
Start importing Assets/Grass - Toon/Models/Grass_D_10.fbx using Guid(6ef68bf0785563c42885b2f85399e0df) Importer(815301076,1909f56bfc062723c751e8b465ee728b)  -> (artifact id: '01032bdc693889eaa24e4897e75edec8') in 0.019774 seconds 
========================================================================
Received Import Request.
  Time since last request: 0.000026 seconds.
  path: Assets/Grass - Toon/Models/Grass_D_09.fbx
  artifactKey: Guid(8dec007ef5e4593499193594e407c0f0) Importer(815301076,1909f56bfc062723c751e8b465ee728b)
Start importing Assets/Grass - Toon/Models/Grass_D_09.fbx using Guid(8dec007ef5e4593499193594e407c0f0) Importer(815301076,1909f56bfc062723c751e8b465ee728b)  -> (artifact id: '0eedd0b8e3e30b64a7ce16bc5bbf5a31') in 0.018230 seconds 
========================================================================
Received Import Request.
  Time since last request: 0.047458 seconds.
  path: Assets/Grass - Toon/Models/Grass_E_14.fbx
  artifactKey: Guid(d26c540b2430d7649b02c652b1a12b07) Importer(815301076,1909f56bfc062723c751e8b465ee728b)
Start importing Assets/Grass - Toon/Models/Grass_E_14.fbx using Guid(d26c540b2430d7649b02c652b1a12b07) Importer(815301076,1909f56bfc062723c751e8b465ee728b)  -> (artifact id: '9c0d3fa5ea86e56dbd4d843b2e5e55cd') in 0.022639 seconds 
========================================================================
Received Import Request.
  Time since last request: 0.233487 seconds.
  path: Assets/Grass - Toon/Models/Grass_F_02.fbx
  artifactKey: Guid(c8066d6c965ffbd4c8d4a540acfa4386) Importer(815301076,1909f56bfc062723c751e8b465ee728b)
Start importing Assets/Grass - Toon/Models/Grass_F_02.fbx using Guid(c8066d6c965ffbd4c8d4a540acfa4386) Importer(815301076,1909f56bfc062723c751e8b465ee728b)  -> (artifact id: 'bcfc8a7fe4071c7cf6c62226f3712451') in 0.019112 seconds 
========================================================================
Received Import Request.
  Time since last request: 0.000019 seconds.
  path: Assets/Grass - Toon/Models/Grass_F_08.fbx
  artifactKey: Guid(ec42e56f4bf17a747abcb8fd2dd804c4) Importer(815301076,1909f56bfc062723c751e8b465ee728b)
Start importing Assets/Grass - Toon/Models/Grass_F_08.fbx using Guid(ec42e56f4bf17a747abcb8fd2dd804c4) Importer(815301076,1909f56bfc062723c751e8b465ee728b)  -> (artifact id: 'dd12ad55d8a53f60f984668eabcbde66') in 0.018307 seconds 
========================================================================
Received Import Request.
  Time since last request: 0.000027 seconds.
  path: Assets/Grass - Toon/Models/Grass_F_04.fbx
  artifactKey: Guid(1b915866aebadeb44bfaab4bab4a19d3) Importer(815301076,1909f56bfc062723c751e8b465ee728b)
Start importing Assets/Grass - Toon/Models/Grass_F_04.fbx using Guid(1b915866aebadeb44bfaab4bab4a19d3) Importer(815301076,1909f56bfc062723c751e8b465ee728b)  -> (artifact id: 'd84c81d58a23ed6b4ed4b425ab31e12f') in 0.018299 seconds 
========================================================================
Received Import Request.
  Time since last request: 0.000022 seconds.
  path: Assets/Grass - Toon/Models/Grass_G_02.fbx
  artifactKey: Guid(450f2c05971f0d648bce6d94618234cf) Importer(815301076,1909f56bfc062723c751e8b465ee728b)
Start importing Assets/Grass - Toon/Models/Grass_G_02.fbx using Guid(450f2c05971f0d648bce6d94618234cf) Importer(815301076,1909f56bfc062723c751e8b465ee728b)  -> (artifact id: 'dfe88a73b8bae51e51a7a43447d73bb9') in 0.018018 seconds 
========================================================================
Received Import Request.
  Time since last request: 0.000024 seconds.
  path: Assets/Grass - Toon/Models/Grass_H_04.fbx
  artifactKey: Guid(aa5b7b897f71bf44f88c34f469feb96b) Importer(815301076,1909f56bfc062723c751e8b465ee728b)
Start importing Assets/Grass - Toon/Models/Grass_H_04.fbx using Guid(aa5b7b897f71bf44f88c34f469feb96b) Importer(815301076,1909f56bfc062723c751e8b465ee728b)  -> (artifact id: '9cd0032c994973adf09d3d527c9fa7ce') in 0.019595 seconds 
========================================================================
Received Import Request.
  Time since last request: 0.000024 seconds.
  path: Assets/Grass - Toon/Models/Grass_K_01.fbx
  artifactKey: Guid(57cf83298b0a7bc49a4f8e75c9155712) Importer(815301076,1909f56bfc062723c751e8b465ee728b)
Start importing Assets/Grass - Toon/Models/Grass_K_01.fbx using Guid(57cf83298b0a7bc49a4f8e75c9155712) Importer(815301076,1909f56bfc062723c751e8b465ee728b)  -> (artifact id: '401e677b2ef95869bcd42faf0efd6494') in 0.019703 seconds 
========================================================================
Received Import Request.
  Time since last request: 0.000053 seconds.
  path: Assets/Grass - Toon/Models/Grass_J_12.fbx
  artifactKey: Guid(817a530e17fadf44bace4f1920de1cb5) Importer(815301076,1909f56bfc062723c751e8b465ee728b)
Start importing Assets/Grass - Toon/Models/Grass_J_12.fbx using Guid(817a530e17fadf44bace4f1920de1cb5) Importer(815301076,1909f56bfc062723c751e8b465ee728b)  -> (artifact id: 'cbd0b8bb23e799c80a40c810e2c423e9') in 0.019141 seconds 
========================================================================
Received Import Request.
  Time since last request: 0.000050 seconds.
  path: Assets/Grass - Toon/Models/Grass_K_22.fbx
  artifactKey: Guid(d3d6f556ca6438948bc51bc41928e41d) Importer(815301076,1909f56bfc062723c751e8b465ee728b)
Start importing Assets/Grass - Toon/Models/Grass_K_22.fbx using Guid(d3d6f556ca6438948bc51bc41928e41d) Importer(815301076,1909f56bfc062723c751e8b465ee728b)  -> (artifact id: '2cc1d0d4bb88a07669d7945ba3e1d11f') in 0.020735 seconds 
========================================================================
Received Import Request.
  Time since last request: 0.000032 seconds.
  path: Assets/Grass - Toon/Models/Grass_G_09.fbx
  artifactKey: Guid(988fad5989dd88841a3bcf5df1f868aa) Importer(815301076,1909f56bfc062723c751e8b465ee728b)
Start importing Assets/Grass - Toon/Models/Grass_G_09.fbx using Guid(988fad5989dd88841a3bcf5df1f868aa) Importer(815301076,1909f56bfc062723c751e8b465ee728b)  -> (artifact id: 'c4a148f61a4db79e8211f3e668ddafd4') in 0.019771 seconds 
========================================================================
Received Import Request.
  Time since last request: 0.000025 seconds.
  path: Assets/Grass - Toon/Models/Grass_I_11.fbx
  artifactKey: Guid(970d12cda762db64284ef8a2d084c134) Importer(815301076,1909f56bfc062723c751e8b465ee728b)
Start importing Assets/Grass - Toon/Models/Grass_I_11.fbx using Guid(970d12cda762db64284ef8a2d084c134) Importer(815301076,1909f56bfc062723c751e8b465ee728b)  -> (artifact id: 'c2ca93453a41efc8a956ddee6dd529b1') in 0.021168 seconds 
========================================================================
Received Import Request.
  Time since last request: 0.000026 seconds.
  path: Assets/Grass - Toon/Models/Grass_K_10.fbx
  artifactKey: Guid(b5fd5666b31612f42afc1c36912033e5) Importer(815301076,1909f56bfc062723c751e8b465ee728b)
Start importing Assets/Grass - Toon/Models/Grass_K_10.fbx using Guid(b5fd5666b31612f42afc1c36912033e5) Importer(815301076,1909f56bfc062723c751e8b465ee728b)  -> (artifact id: 'e8941d6135c08bf24523b6161e56d3c1') in 0.018464 seconds 
========================================================================
Received Import Request.
  Time since last request: 0.000026 seconds.
  path: Assets/Grass - Toon/Models/Grass_Pack_G_06.fbx
  artifactKey: Guid(1ef4b581aff5f0d46943f5f8a0de1f2f) Importer(815301076,1909f56bfc062723c751e8b465ee728b)
Start importing Assets/Grass - Toon/Models/Grass_Pack_G_06.fbx using Guid(1ef4b581aff5f0d46943f5f8a0de1f2f) Importer(815301076,1909f56bfc062723c751e8b465ee728b)  -> (artifact id: 'dc4fa042002c7871a205ed4f4e6504f0') in 0.020776 seconds 
========================================================================
Received Import Request.
  Time since last request: 0.000023 seconds.
  path: Assets/Grass - Toon/Models/Grass_Pack_G_04.fbx
  artifactKey: Guid(ebee677834b1438429357a9df858975e) Importer(815301076,1909f56bfc062723c751e8b465ee728b)
Start importing Assets/Grass - Toon/Models/Grass_Pack_G_04.fbx using Guid(ebee677834b1438429357a9df858975e) Importer(815301076,1909f56bfc062723c751e8b465ee728b)  -> (artifact id: '977af4373227b42bd522c77387ac935c') in 0.019139 seconds 
========================================================================
Received Import Request.
  Time since last request: 0.000023 seconds.
  path: Assets/Grass - Toon/Models/Grass_Pack_G_02.fbx
  artifactKey: Guid(ad4dbbfdc9641a14f811787f33a7e752) Importer(815301076,1909f56bfc062723c751e8b465ee728b)
Start importing Assets/Grass - Toon/Models/Grass_Pack_G_02.fbx using Guid(ad4dbbfdc9641a14f811787f33a7e752) Importer(815301076,1909f56bfc062723c751e8b465ee728b)  -> (artifact id: '703708850b0ba2e5479a78c2406653b1') in 0.018866 seconds 
========================================================================
Received Import Request.
  Time since last request: 0.000019 seconds.
  path: Assets/Grass - Toon/Models/Grass_J_10.fbx
  artifactKey: Guid(b27f202da1ef9ac448f45107a268e041) Importer(815301076,1909f56bfc062723c751e8b465ee728b)
Start importing Assets/Grass - Toon/Models/Grass_J_10.fbx using Guid(b27f202da1ef9ac448f45107a268e041) Importer(815301076,1909f56bfc062723c751e8b465ee728b)  -> (artifact id: 'b487692626ce5c7e54762446c60ae1c2') in 0.019065 seconds 
========================================================================
Received Import Request.
  Time since last request: 0.000033 seconds.
  path: Assets/Grass - Toon/Models/Grass_K_23.fbx
  artifactKey: Guid(4f748ac5cff5c034a953ae70622eea3d) Importer(815301076,1909f56bfc062723c751e8b465ee728b)
Start importing Assets/Grass - Toon/Models/Grass_K_23.fbx using Guid(4f748ac5cff5c034a953ae70622eea3d) Importer(815301076,1909f56bfc062723c751e8b465ee728b)  -> (artifact id: 'd21f2dfc2d39e7071a3c1408cba3be7a') in 0.018372 seconds 
========================================================================
Received Import Request.
  Time since last request: 0.000027 seconds.
  path: Assets/Grass - Toon/Models/Grass_O_14.fbx
  artifactKey: Guid(cd26a76277ccca347bbfcea2ac3388e3) Importer(815301076,1909f56bfc062723c751e8b465ee728b)
Start importing Assets/Grass - Toon/Models/Grass_O_14.fbx using Guid(cd26a76277ccca347bbfcea2ac3388e3) Importer(815301076,1909f56bfc062723c751e8b465ee728b)  -> (artifact id: '2a86e04c9e3913766650c4861407b860') in 0.017914 seconds 
========================================================================
Received Import Request.
  Time since last request: 0.000029 seconds.
  path: Assets/Grass - Toon/Models/Grass_N_03.fbx
  artifactKey: Guid(6fe2eeb803296b94fb3ada1c77b81789) Importer(815301076,1909f56bfc062723c751e8b465ee728b)
Start importing Assets/Grass - Toon/Models/Grass_N_03.fbx using Guid(6fe2eeb803296b94fb3ada1c77b81789) Importer(815301076,1909f56bfc062723c751e8b465ee728b)  -> (artifact id: 'b28692f9109dff029ad76cb3483ad838') in 0.017805 seconds 
========================================================================
Received Import Request.
  Time since last request: 0.000017 seconds.
  path: Assets/Grass - Toon/Models/Grass_Pack_B_04.fbx
  artifactKey: Guid(b030daa86a7fc7e48bfe1fe514835e75) Importer(815301076,1909f56bfc062723c751e8b465ee728b)
Start importing Assets/Grass - Toon/Models/Grass_Pack_B_04.fbx using Guid(b030daa86a7fc7e48bfe1fe514835e75) Importer(815301076,1909f56bfc062723c751e8b465ee728b)  -> (artifact id: '619d35a6717117f0d57181913a171645') in 0.018481 seconds 
========================================================================
Received Import Request.
  Time since last request: 0.000027 seconds.
  path: Assets/Grass - Toon/Models/Grass_Pack_E_06.fbx
  artifactKey: Guid(3f3433c269c47a345bff1035932e1439) Importer(815301076,1909f56bfc062723c751e8b465ee728b)
Start importing Assets/Grass - Toon/Models/Grass_Pack_E_06.fbx using Guid(3f3433c269c47a345bff1035932e1439) Importer(815301076,1909f56bfc062723c751e8b465ee728b)  -> (artifact id: 'b8a931bb454f1a246ddc354ddd43e56c') in 0.017485 seconds 
========================================================================
Received Import Request.
  Time since last request: 0.000020 seconds.
  path: Assets/Grass - Toon/Models/Grass_Pack_G_03.fbx
  artifactKey: Guid(37af85d980eabd2478fef3a52a9e4319) Importer(815301076,1909f56bfc062723c751e8b465ee728b)
Start importing Assets/Grass - Toon/Models/Grass_Pack_G_03.fbx using Guid(37af85d980eabd2478fef3a52a9e4319) Importer(815301076,1909f56bfc062723c751e8b465ee728b)  -> (artifact id: 'f1ca10a889f2e6b647dd5a2bd26e9757') in 0.018997 seconds 
========================================================================
Received Import Request.
  Time since last request: 0.000025 seconds.
  path: Assets/Grass - Toon/Models/Grass_L_03.fbx
  artifactKey: Guid(5e39b594fc49186478a5d5e9faaf8171) Importer(815301076,1909f56bfc062723c751e8b465ee728b)
Start importing Assets/Grass - Toon/Models/Grass_L_03.fbx using Guid(5e39b594fc49186478a5d5e9faaf8171) Importer(815301076,1909f56bfc062723c751e8b465ee728b)  -> (artifact id: '8b5af7d89aa95396b84cfc9613eab1db') in 0.021824 seconds 
========================================================================
Received Import Request.
  Time since last request: 0.000031 seconds.
  path: Assets/Grass - Toon/Models/Grass_N_11.fbx
  artifactKey: Guid(2bdeae41a67b58549a8a1a1d794a0b55) Importer(815301076,1909f56bfc062723c751e8b465ee728b)
Start importing Assets/Grass - Toon/Models/Grass_N_11.fbx using Guid(2bdeae41a67b58549a8a1a1d794a0b55) Importer(815301076,1909f56bfc062723c751e8b465ee728b)  -> (artifact id: 'c488d7012e0afea64104e6e1b8993562') in 0.023405 seconds 
========================================================================
Received Import Request.
  Time since last request: 0.000026 seconds.
  path: Assets/Grass - Toon/Models/Grass_K_08.fbx
  artifactKey: Guid(2d92faa85f3dc8345b69aab6bee4a245) Importer(815301076,1909f56bfc062723c751e8b465ee728b)
Start importing Assets/Grass - Toon/Models/Grass_K_08.fbx using Guid(2d92faa85f3dc8345b69aab6bee4a245) Importer(815301076,1909f56bfc062723c751e8b465ee728b)  -> (artifact id: '300f922941a78364940bf7223c477266') in 0.018881 seconds 
========================================================================
Received Import Request.
  Time since last request: 0.000022 seconds.
  path: Assets/Grass - Toon/Models/Grass_Pack_B_07.fbx
  artifactKey: Guid(7da0338b37007e446bc9d96440e0d778) Importer(815301076,1909f56bfc062723c751e8b465ee728b)
Start importing Assets/Grass - Toon/Models/Grass_Pack_B_07.fbx using Guid(7da0338b37007e446bc9d96440e0d778) Importer(815301076,1909f56bfc062723c751e8b465ee728b)  -> (artifact id: 'ad6cfdad0697fa6cc178db7257e1b7e6') in 0.021037 seconds 
========================================================================
Received Import Request.
  Time since last request: 0.000030 seconds.
  path: Assets/Grass - Toon/Models/Grass_H_09.fbx
  artifactKey: Guid(2471926951a285a44b9a1464a0c7631c) Importer(815301076,1909f56bfc062723c751e8b465ee728b)
Start importing Assets/Grass - Toon/Models/Grass_H_09.fbx using Guid(2471926951a285a44b9a1464a0c7631c) Importer(815301076,1909f56bfc062723c751e8b465ee728b)  -> (artifact id: '0857c8e0bee51a5b2b3772a94c63da4f') in 0.022221 seconds 
========================================================================
Received Import Request.
  Time since last request: 0.000028 seconds.
  path: Assets/Grass - Toon/Models/Grass_G_04.fbx
  artifactKey: Guid(95c889d5407b27543a35bf149c70c126) Importer(815301076,1909f56bfc062723c751e8b465ee728b)
Start importing Assets/Grass - Toon/Models/Grass_G_04.fbx using Guid(95c889d5407b27543a35bf149c70c126) Importer(815301076,1909f56bfc062723c751e8b465ee728b)  -> (artifact id: '97b8869cc1a51a9b20aabab0daa541ef') in 0.020108 seconds 
========================================================================
Received Import Request.
  Time since last request: 0.000029 seconds.
  path: Assets/Grass - Toon/Models/Grass_Pack_G_08.fbx
  artifactKey: Guid(f3a78692dcaa8d246bdc53a62dc68a82) Importer(815301076,1909f56bfc062723c751e8b465ee728b)
Start importing Assets/Grass - Toon/Models/Grass_Pack_G_08.fbx using Guid(f3a78692dcaa8d246bdc53a62dc68a82) Importer(815301076,1909f56bfc062723c751e8b465ee728b)  -> (artifact id: 'b18ad5268e7154452f62a65d83a0cad9') in 0.020632 seconds 
========================================================================
Received Import Request.
  Time since last request: 0.000019 seconds.
  path: Assets/Grass - Toon/Models/Grass_Pack_B_10.fbx
  artifactKey: Guid(f1581d6d0618ba14d8ce83db712a5e6c) Importer(815301076,1909f56bfc062723c751e8b465ee728b)
Start importing Assets/Grass - Toon/Models/Grass_Pack_B_10.fbx using Guid(f1581d6d0618ba14d8ce83db712a5e6c) Importer(815301076,1909f56bfc062723c751e8b465ee728b)  -> (artifact id: '643cdad9c0d35d80028f9a2e9b8b229b') in 0.019931 seconds 
========================================================================
Received Import Request.
  Time since last request: 0.000026 seconds.
  path: Assets/Grass - Toon/Models/Grass_Pack_E_10.fbx
  artifactKey: Guid(5f1790662c33d61489caa35cde382959) Importer(815301076,1909f56bfc062723c751e8b465ee728b)
Start importing Assets/Grass - Toon/Models/Grass_Pack_E_10.fbx using Guid(5f1790662c33d61489caa35cde382959) Importer(815301076,1909f56bfc062723c751e8b465ee728b)  -> (artifact id: '21346acfb1d61410b3e96c72edde7b8d') in 0.019268 seconds 
========================================================================
Received Import Request.
  Time since last request: 0.000031 seconds.
  path: Assets/Grass - Toon/Models/Grass_Pack_G_11.fbx
  artifactKey: Guid(5fa400a651b7c2e4290dc4775fa12daa) Importer(815301076,1909f56bfc062723c751e8b465ee728b)
Start importing Assets/Grass - Toon/Models/Grass_Pack_G_11.fbx using Guid(5fa400a651b7c2e4290dc4775fa12daa) Importer(815301076,1909f56bfc062723c751e8b465ee728b)  -> (artifact id: 'a9563d9ce5f6e9cd4efe895cc189e17e') in 0.018970 seconds 
========================================================================
Received Import Request.
  Time since last request: 0.000019 seconds.
  path: Assets/Grass - Toon/Models/Grass_Pack_A_07.fbx
  artifactKey: Guid(f32892dd88268274cb94d040482b8331) Importer(815301076,1909f56bfc062723c751e8b465ee728b)
Start importing Assets/Grass - Toon/Models/Grass_Pack_A_07.fbx using Guid(f32892dd88268274cb94d040482b8331) Importer(815301076,1909f56bfc062723c751e8b465ee728b)  -> (artifact id: '9302cc32945bd9d59fa3369ab8195afc') in 0.019178 seconds 
========================================================================
Received Import Request.
  Time since last request: 0.000031 seconds.
  path: Assets/Grass - Toon/Models/Grass_Pack_C_04.fbx
  artifactKey: Guid(c584e63570b052e4ab86e6f414555c57) Importer(815301076,1909f56bfc062723c751e8b465ee728b)
Start importing Assets/Grass - Toon/Models/Grass_Pack_C_04.fbx using Guid(c584e63570b052e4ab86e6f414555c57) Importer(815301076,1909f56bfc062723c751e8b465ee728b)  -> (artifact id: '8ef8217cae7d77018e2c91e6582bf0f0') in 0.019874 seconds 
========================================================================
Received Import Request.
  Time since last request: 0.000022 seconds.
  path: Assets/Grass - Toon/Models/Grass_Pack_C_02.fbx
  artifactKey: Guid(2488df183f346494ea0cc9ba0fadc766) Importer(815301076,1909f56bfc062723c751e8b465ee728b)
Start importing Assets/Grass - Toon/Models/Grass_Pack_C_02.fbx using Guid(2488df183f346494ea0cc9ba0fadc766) Importer(815301076,1909f56bfc062723c751e8b465ee728b)  -> (artifact id: '3cffb852ec737c03b1dfd5dd80e58081') in 0.021037 seconds 
========================================================================
Received Import Request.
  Time since last request: 0.000026 seconds.
  path: Assets/Grass - Toon/Models/Grass_G_13.fbx
  artifactKey: Guid(9dc493c4ec07fcc40854c108f6118209) Importer(815301076,1909f56bfc062723c751e8b465ee728b)
Start importing Assets/Grass - Toon/Models/Grass_G_13.fbx using Guid(9dc493c4ec07fcc40854c108f6118209) Importer(815301076,1909f56bfc062723c751e8b465ee728b)  -> (artifact id: 'c0a79bfcb1d7231449abbde7e3d9eea0') in 0.020052 seconds 
========================================================================
Received Import Request.
  Time since last request: 0.000029 seconds.
  path: Assets/Grass - Toon/Models/Grass_K_12.fbx
  artifactKey: Guid(0e110a3e535b1f04b90e6e1aa0ac4ccf) Importer(815301076,1909f56bfc062723c751e8b465ee728b)
Start importing Assets/Grass - Toon/Models/Grass_K_12.fbx using Guid(0e110a3e535b1f04b90e6e1aa0ac4ccf) Importer(815301076,1909f56bfc062723c751e8b465ee728b)  -> (artifact id: '9e5c193a7c00f747bd106a77481d8170') in 0.019996 seconds 
========================================================================
Received Import Request.
  Time since last request: 0.000021 seconds.
  path: Assets/Grass - Toon/Models/Grass_Pack_B_08.fbx
  artifactKey: Guid(0a9997016e8e2d94f905b2869d91aca1) Importer(815301076,1909f56bfc062723c751e8b465ee728b)
Start importing Assets/Grass - Toon/Models/Grass_Pack_B_08.fbx using Guid(0a9997016e8e2d94f905b2869d91aca1) Importer(815301076,1909f56bfc062723c751e8b465ee728b)  -> (artifact id: 'b0e1c24fea7afe1d0f184fa4cbb646a0') in 0.020184 seconds 
========================================================================
Received Import Request.
  Time since last request: 0.000025 seconds.
  path: Assets/Grass - Toon/Models/Grass_Pack_G_07.fbx
  artifactKey: Guid(1990cedd7b9c71544ac570df8e1b119f) Importer(815301076,1909f56bfc062723c751e8b465ee728b)
Start importing Assets/Grass - Toon/Models/Grass_Pack_G_07.fbx using Guid(1990cedd7b9c71544ac570df8e1b119f) Importer(815301076,1909f56bfc062723c751e8b465ee728b)  -> (artifact id: '1a3dc2160d84e4d689ee42058180ddea') in 0.020701 seconds 
========================================================================
Received Import Request.
  Time since last request: 0.000020 seconds.
  path: Assets/Grass - Toon/Models/Grass_Pack_E_05.fbx
  artifactKey: Guid(aa989295bdfc80c4f9dae9c86526d1bd) Importer(815301076,1909f56bfc062723c751e8b465ee728b)
Start importing Assets/Grass - Toon/Models/Grass_Pack_E_05.fbx using Guid(aa989295bdfc80c4f9dae9c86526d1bd) Importer(815301076,1909f56bfc062723c751e8b465ee728b)  -> (artifact id: 'c6ffaaa76a8eaa6e8493da7bc132efca') in 0.020604 seconds 
========================================================================
Received Import Request.
  Time since last request: 0.000027 seconds.
  path: Assets/Grass - Toon/Models/Grass_F_06.fbx
  artifactKey: Guid(187b19225c6a2cd488ae1b2d161b3acb) Importer(815301076,1909f56bfc062723c751e8b465ee728b)
Start importing Assets/Grass - Toon/Models/Grass_F_06.fbx using Guid(187b19225c6a2cd488ae1b2d161b3acb) Importer(815301076,1909f56bfc062723c751e8b465ee728b)  -> (artifact id: 'a6f9c2ea3f2e83c3f7577eb8f0c2974d') in 0.019072 seconds 
========================================================================
Received Import Request.
  Time since last request: 0.000020 seconds.
  path: Assets/Grass - Toon/Models/Grass_K_19.fbx
  artifactKey: Guid(596a21b61cecb744e80766f5e3f2c29d) Importer(815301076,1909f56bfc062723c751e8b465ee728b)
Start importing Assets/Grass - Toon/Models/Grass_K_19.fbx using Guid(596a21b61cecb744e80766f5e3f2c29d) Importer(815301076,1909f56bfc062723c751e8b465ee728b)  -> (artifact id: '8373931cc63281ee1be3780d0f689c77') in 0.019565 seconds 
========================================================================
Received Import Request.
  Time since last request: 0.000020 seconds.
  path: Assets/Grass - Toon/Models/Grass_J_09.fbx
  artifactKey: Guid(f25aa00b4ff6b42449fe5fe169279de8) Importer(815301076,1909f56bfc062723c751e8b465ee728b)
Start importing Assets/Grass - Toon/Models/Grass_J_09.fbx using Guid(f25aa00b4ff6b42449fe5fe169279de8) Importer(815301076,1909f56bfc062723c751e8b465ee728b)  -> (artifact id: '247ecd08317f7b91984988714f3625a7') in 0.017647 seconds 
========================================================================
Received Import Request.
  Time since last request: 0.000024 seconds.
  path: Assets/Grass - Toon/Models/Grass_J_04.fbx
  artifactKey: Guid(199afb710eb35474e9527da45543a1d3) Importer(815301076,1909f56bfc062723c751e8b465ee728b)
Start importing Assets/Grass - Toon/Models/Grass_J_04.fbx using Guid(199afb710eb35474e9527da45543a1d3) Importer(815301076,1909f56bfc062723c751e8b465ee728b)  -> (artifact id: 'cb0b56c5f9f1bde97852d29ccf72d606') in 0.018267 seconds 
========================================================================
Received Import Request.
  Time since last request: 0.000023 seconds.
  path: Assets/Grass - Toon/Models/Grass_Pack_E_09.fbx
  artifactKey: Guid(9b447cf4f6cf00e4f84b9531d06d72c2) Importer(815301076,1909f56bfc062723c751e8b465ee728b)
Start importing Assets/Grass - Toon/Models/Grass_Pack_E_09.fbx using Guid(9b447cf4f6cf00e4f84b9531d06d72c2) Importer(815301076,1909f56bfc062723c751e8b465ee728b)  -> (artifact id: '83b2c5f6ea1b8334509e4efdac3a96cd') in 0.018438 seconds 
========================================================================
Received Import Request.
  Time since last request: 0.000024 seconds.
  path: Assets/Grass - Toon/Models/Grass_K_05.fbx
  artifactKey: Guid(cd7457a33d4f86b43a2cdd009bd806e2) Importer(815301076,1909f56bfc062723c751e8b465ee728b)
Start importing Assets/Grass - Toon/Models/Grass_K_05.fbx using Guid(cd7457a33d4f86b43a2cdd009bd806e2) Importer(815301076,1909f56bfc062723c751e8b465ee728b)  -> (artifact id: '2796faca41a7d84076a2dc2f8c7d712a') in 0.020743 seconds 
========================================================================
Received Import Request.
  Time since last request: 0.000038 seconds.
  path: Assets/Grass - Toon/Models/Grass_K_20.fbx
  artifactKey: Guid(3a2a859da54629e409d8e538b0ca7ff7) Importer(815301076,1909f56bfc062723c751e8b465ee728b)
Start importing Assets/Grass - Toon/Models/Grass_K_20.fbx using Guid(3a2a859da54629e409d8e538b0ca7ff7) Importer(815301076,1909f56bfc062723c751e8b465ee728b)  -> (artifact id: 'b2c99de588c0b341b3a3736fc78198ba') in 0.019238 seconds 
========================================================================
Received Import Request.
  Time since last request: 0.000029 seconds.
  path: Assets/Grass - Toon/Models/Grass_Pack_A_03.fbx
  artifactKey: Guid(b43c848b0ddffe546971c98f27e17d38) Importer(815301076,1909f56bfc062723c751e8b465ee728b)
Start importing Assets/Grass - Toon/Models/Grass_Pack_A_03.fbx using Guid(b43c848b0ddffe546971c98f27e17d38) Importer(815301076,1909f56bfc062723c751e8b465ee728b)  -> (artifact id: '6e2a6c892d852fa3e53f042953370c1a') in 0.018059 seconds 
========================================================================
Received Import Request.
  Time since last request: 0.000019 seconds.
  path: Assets/Grass - Toon/Models/Grass_Pack_I_02.fbx
  artifactKey: Guid(8996ec0cbd8b01c43bc89695b93a5a9d) Importer(815301076,1909f56bfc062723c751e8b465ee728b)
Start importing Assets/Grass - Toon/Models/Grass_Pack_I_02.fbx using Guid(8996ec0cbd8b01c43bc89695b93a5a9d) Importer(815301076,1909f56bfc062723c751e8b465ee728b)  -> (artifact id: 'eeaec77a60dab96b15ed312c4785f46d') in 0.020292 seconds 
========================================================================
Received Import Request.
  Time since last request: 0.000027 seconds.
  path: Assets/Grass - Toon/Models/Grass_Pack_I_06.fbx
  artifactKey: Guid(16d0b2e4016773d4f92099d2282444c8) Importer(815301076,1909f56bfc062723c751e8b465ee728b)
Start importing Assets/Grass - Toon/Models/Grass_Pack_I_06.fbx using Guid(16d0b2e4016773d4f92099d2282444c8) Importer(815301076,1909f56bfc062723c751e8b465ee728b)  -> (artifact id: '04ee1720c52c671a7a7e7315827e09cc') in 0.018557 seconds 
========================================================================
Received Import Request.
  Time since last request: 0.000026 seconds.
  path: Assets/Grass - Toon/Models/Grass_Pack_K_01.fbx
  artifactKey: Guid(4082cc7ea07f3a444817cabd6a200111) Importer(815301076,1909f56bfc062723c751e8b465ee728b)
Start importing Assets/Grass - Toon/Models/Grass_Pack_K_01.fbx using Guid(4082cc7ea07f3a444817cabd6a200111) Importer(815301076,1909f56bfc062723c751e8b465ee728b)  -> (artifact id: 'd903d8f26b1b4b9583cde663722913f4') in 0.018976 seconds 
========================================================================
Received Import Request.
  Time since last request: 0.000033 seconds.
  path: Assets/Grass - Toon/Models/Grass_Pack_K_05.fbx
  artifactKey: Guid(bb1a4e7fd8caaee4fbfcd700f3d8ff9c) Importer(815301076,1909f56bfc062723c751e8b465ee728b)
Start importing Assets/Grass - Toon/Models/Grass_Pack_K_05.fbx using Guid(bb1a4e7fd8caaee4fbfcd700f3d8ff9c) Importer(815301076,1909f56bfc062723c751e8b465ee728b)  -> (artifact id: 'fa4697c92b00adcf4c766c9c9352c1ad') in 0.018020 seconds 
========================================================================
Received Import Request.
  Time since last request: 0.000029 seconds.
  path: Assets/Grass - Toon/Models/Grass_Pack_I_08.fbx
  artifactKey: Guid(09363f9d4045f664d824b796e0ecd439) Importer(815301076,1909f56bfc062723c751e8b465ee728b)
Start importing Assets/Grass - Toon/Models/Grass_Pack_I_08.fbx using Guid(09363f9d4045f664d824b796e0ecd439) Importer(815301076,1909f56bfc062723c751e8b465ee728b)  -> (artifact id: '7ee2b104d4fb538921e6e964ae1bec66') in 0.018921 seconds 
========================================================================
Received Import Request.
  Time since last request: 0.000028 seconds.
  path: Assets/Grass - Toon/Models/Grass_Pack_C_06.fbx
  artifactKey: Guid(60e50e784f7bd4b459c090bb23dc7917) Importer(815301076,1909f56bfc062723c751e8b465ee728b)
Start importing Assets/Grass - Toon/Models/Grass_Pack_C_06.fbx using Guid(60e50e784f7bd4b459c090bb23dc7917) Importer(815301076,1909f56bfc062723c751e8b465ee728b)  -> (artifact id: '52b5c693cca1cce2e76160bee8609c59') in 0.019142 seconds 
========================================================================
Received Import Request.
  Time since last request: 0.000025 seconds.
  path: Assets/Grass - Toon/Models/Grass_L_04.fbx
  artifactKey: Guid(7899e696f3fddd24f8a3bf018549fe26) Importer(815301076,1909f56bfc062723c751e8b465ee728b)
Start importing Assets/Grass - Toon/Models/Grass_L_04.fbx using Guid(7899e696f3fddd24f8a3bf018549fe26) Importer(815301076,1909f56bfc062723c751e8b465ee728b)  -> (artifact id: 'a33dcca843b36bfde11a8689f9cd5eed') in 0.018781 seconds 
========================================================================
Received Import Request.
  Time since last request: 0.000023 seconds.
  path: Assets/Grass - Toon/Models/Grass_H_08.fbx
  artifactKey: Guid(e9cc82e0dd441924b987ee3e99c6faee) Importer(815301076,1909f56bfc062723c751e8b465ee728b)
Start importing Assets/Grass - Toon/Models/Grass_H_08.fbx using Guid(e9cc82e0dd441924b987ee3e99c6faee) Importer(815301076,1909f56bfc062723c751e8b465ee728b)  -> (artifact id: '02bfc2d141f81fed941c1dc8fea5f3ac') in 0.017135 seconds 
========================================================================
Received Import Request.
  Time since last request: 0.000033 seconds.
  path: Assets/Grass - Toon/Models/Grass_M_05.fbx
  artifactKey: Guid(535d5762e66992b40a065f20a543f22a) Importer(815301076,1909f56bfc062723c751e8b465ee728b)
Start importing Assets/Grass - Toon/Models/Grass_M_05.fbx using Guid(535d5762e66992b40a065f20a543f22a) Importer(815301076,1909f56bfc062723c751e8b465ee728b)  -> (artifact id: 'a5a10b93d79d7e7af8f0291deec6fdb5') in 0.019214 seconds 
========================================================================
Received Import Request.
  Time since last request: 0.000020 seconds.
  path: Assets/Grass - Toon/Models/Grass_Pack_C_05.fbx
  artifactKey: Guid(6ba3da3b11f844f4c9bfe51a6c8a3429) Importer(815301076,1909f56bfc062723c751e8b465ee728b)
Start importing Assets/Grass - Toon/Models/Grass_Pack_C_05.fbx using Guid(6ba3da3b11f844f4c9bfe51a6c8a3429) Importer(815301076,1909f56bfc062723c751e8b465ee728b)  -> (artifact id: '295cbebd0a136b64852500582f46e70d') in 0.019377 seconds 
========================================================================
Received Import Request.
  Time since last request: 0.000018 seconds.
  path: Assets/Grass - Toon/Models/Grass_H_01.fbx
  artifactKey: Guid(aa6413af0ec20774c89896e45d4991d5) Importer(815301076,1909f56bfc062723c751e8b465ee728b)
Start importing Assets/Grass - Toon/Models/Grass_H_01.fbx using Guid(aa6413af0ec20774c89896e45d4991d5) Importer(815301076,1909f56bfc062723c751e8b465ee728b)  -> (artifact id: '70f6cb8ced93ccdc8fb97649414f2b66') in 0.019038 seconds 
========================================================================
Received Import Request.
  Time since last request: 0.000026 seconds.
  path: Assets/Grass - Toon/Models/Grass_G_08.fbx
  artifactKey: Guid(ad247b4ad90b7ff44851f9b204565789) Importer(815301076,1909f56bfc062723c751e8b465ee728b)
Start importing Assets/Grass - Toon/Models/Grass_G_08.fbx using Guid(ad247b4ad90b7ff44851f9b204565789) Importer(815301076,1909f56bfc062723c751e8b465ee728b)  -> (artifact id: '3949d0dd95e4e2b6ff87614146136fb1') in 0.021333 seconds 
========================================================================
Received Import Request.
  Time since last request: 0.000024 seconds.
  path: Assets/Grass - Toon/Models/Grass_Pack_H_04.fbx
  artifactKey: Guid(63158a00708140347951acf9904cf51a) Importer(815301076,1909f56bfc062723c751e8b465ee728b)
Start importing Assets/Grass - Toon/Models/Grass_Pack_H_04.fbx using Guid(63158a00708140347951acf9904cf51a) Importer(815301076,1909f56bfc062723c751e8b465ee728b)  -> (artifact id: '52ee737d3d235661a4d008e83f7e24e4') in 0.019784 seconds 
========================================================================
Received Import Request.
  Time since last request: 0.000027 seconds.
  path: Assets/Grass - Toon/Models/Grass_G_05.fbx
  artifactKey: Guid(b4a3c92d04920fd43b7970a4c5eec1a8) Importer(815301076,1909f56bfc062723c751e8b465ee728b)
Start importing Assets/Grass - Toon/Models/Grass_G_05.fbx using Guid(b4a3c92d04920fd43b7970a4c5eec1a8) Importer(815301076,1909f56bfc062723c751e8b465ee728b)  -> (artifact id: 'ba22553f6589e10b3d841799d1db6624') in 0.019610 seconds 
========================================================================
Received Import Request.
  Time since last request: 0.000023 seconds.
  path: Assets/Grass - Toon/Models/Grass_Pack_J_04.fbx
  artifactKey: Guid(95ec4e7d52311b742942dcbbfd06cfc6) Importer(815301076,1909f56bfc062723c751e8b465ee728b)
Start importing Assets/Grass - Toon/Models/Grass_Pack_J_04.fbx using Guid(95ec4e7d52311b742942dcbbfd06cfc6) Importer(815301076,1909f56bfc062723c751e8b465ee728b)  -> (artifact id: 'c501adbe38b0193ac21f18ba2639332a') in 0.019639 seconds 
========================================================================
Received Import Request.
  Time since last request: 0.000028 seconds.
  path: Assets/Grass - Toon/Models/Grass_F_10.fbx
  artifactKey: Guid(5e6f50609a473d44e97d968be6a38fbc) Importer(815301076,1909f56bfc062723c751e8b465ee728b)
Start importing Assets/Grass - Toon/Models/Grass_F_10.fbx using Guid(5e6f50609a473d44e97d968be6a38fbc) Importer(815301076,1909f56bfc062723c751e8b465ee728b)  -> (artifact id: '0a5804acf78e5ff346610044dd756231') in 0.017167 seconds 
========================================================================
Received Prepare
Registering precompiled user dll's ...
Registered in 0.005290 seconds.
Begin MonoManager ReloadAssembly
Symbol file LoadedFromMemory doesn't match image C:\Users\mattf\Cane 2021\Library\PackageCache\com.unity.visualscripting@1.7.8\Editor\VisualScripting.Core\Dependencies\YamlDotNet\Unity.VisualScripting.YamlDotNet.dll
Symbol file LoadedFromMemory doesn't match image C:\Users\mattf\Cane 2021\Library\PackageCache\com.unity.visualscripting@1.7.8\Editor\VisualScripting.Core\Dependencies\DotNetZip\Unity.VisualScripting.IonicZip.dll
Native extension for WindowsStandalone target not found
Native extension for WebGL target not found
Refreshing native plugins compatible for Editor in 0.62 ms, found 3 plugins.
Preloading 0 native plugins for Editor in 0.00 ms.
Mono: successfully reloaded assembly
- Completed reload, in  0.916 seconds
Domain Reload Profiling:
	ReloadAssembly (917ms)
		BeginReloadAssembly (113ms)
			ExecutionOrderSort (0ms)
			DisableScriptedObjects (5ms)
			BackupInstance (0ms)
			ReleaseScriptingObjects (0ms)
			CreateAndSetChildDomain (36ms)
		EndReloadAssembly (712ms)
			LoadAssemblies (61ms)
			RebuildTransferFunctionScriptingTraits (0ms)
			SetupTypeCache (260ms)
			ReleaseScriptCaches (2ms)
			RebuildScriptCaches (39ms)
			SetupLoadedEditorAssemblies (299ms)
				LogAssemblyErrors (0ms)
				InitializePlatformSupportModulesInManaged (13ms)
				SetLoadedEditorAssemblies (1ms)
				RefreshPlugins (1ms)
				BeforeProcessingInitializeOnLoad (57ms)
				ProcessInitializeOnLoadAttributes (197ms)
				ProcessInitializeOnLoadMethodAttributes (25ms)
				AfterProcessingInitializeOnLoad (6ms)
				EditorAssembliesLoaded (0ms)
			ExecutionOrderSort2 (0ms)
			AwakeInstancesAfterBackupRestoration (6ms)
Platform modules already initialized, skipping
Refreshing native plugins compatible for Editor in 1.60 ms, found 3 plugins.
Preloading 0 native plugins for Editor in 0.00 ms.
Unloading 3405 Unused Serialized files (Serialized files now loaded: 0)
Unloading 20 unused Assets / (80.9 KB). Loaded Objects now: 3892.
Memory consumption went from 126.7 MB to 126.6 MB.
Total: 2.379800 ms (FindLiveObjects: 0.214500 ms CreateObjectMapping: 0.118700 ms MarkObjects: 1.960400 ms  DeleteObjects: 0.085300 ms)

AssetImportParameters requested are different than current active one (requested -> active):
  custom:video-decoder-ogg-theora: a1e56fd34408186e4bbccfd4996cb3dc -> 
  custom:container-muxer-webm: aa71ff27fc2769a1b78a27578f13a17b -> 
  custom:container-demuxer-webm: 4f35f7cbe854078d1ac9338744f61a02 -> 
  custom:video-encoder-webm-vp8: eb34c28f22e8b96e1ab97ce403110664 -> 
  custom:audio-encoder-webm-vorbis: bf7c407c2cedff20999df2af8eb42d56 -> 
  custom:framework-win-MediaFoundation: 216162199b28c13a410421893ffa2e32 -> 
  custom:container-demuxer-ogg: 62fdf1f143b41e24485cea50d1cbac27 -> 
  custom:video-decoder-webm-vp8: 9c59270c3fd7afecdb556c50c9e8de78 -> 
  custom:audio-decoder-ogg-vorbis: bf7c407c2cedff20999df2af8eb42d56 -> 
========================================================================
Received Prepare
Registering precompiled user dll's ...
Registered in 0.003190 seconds.
Begin MonoManager ReloadAssembly
Symbol file LoadedFromMemory doesn't match image C:\Users\mattf\Cane 2021\Library\PackageCache\com.unity.visualscripting@1.7.8\Editor\VisualScripting.Core\Dependencies\YamlDotNet\Unity.VisualScripting.YamlDotNet.dll
Symbol file LoadedFromMemory doesn't match image C:\Users\mattf\Cane 2021\Library\PackageCache\com.unity.visualscripting@1.7.8\Editor\VisualScripting.Core\Dependencies\DotNetZip\Unity.VisualScripting.IonicZip.dll
Native extension for WindowsStandalone target not found
Native extension for WebGL target not found
Refreshing native plugins compatible for Editor in 0.61 ms, found 3 plugins.
Preloading 0 native plugins for Editor in 0.00 ms.
Mono: successfully reloaded assembly
- Completed reload, in  0.878 seconds
Domain Reload Profiling:
	ReloadAssembly (879ms)
		BeginReloadAssembly (102ms)
			ExecutionOrderSort (0ms)
			DisableScriptedObjects (4ms)
			BackupInstance (0ms)
			ReleaseScriptingObjects (0ms)
			CreateAndSetChildDomain (29ms)
		EndReloadAssembly (694ms)
			LoadAssemblies (59ms)
			RebuildTransferFunctionScriptingTraits (0ms)
			SetupTypeCache (240ms)
			ReleaseScriptCaches (2ms)
			RebuildScriptCaches (38ms)
			SetupLoadedEditorAssemblies (306ms)
				LogAssemblyErrors (0ms)
				InitializePlatformSupportModulesInManaged (14ms)
				SetLoadedEditorAssemblies (0ms)
				RefreshPlugins (1ms)
				BeforeProcessingInitializeOnLoad (62ms)
				ProcessInitializeOnLoadAttributes (200ms)
				ProcessInitializeOnLoadMethodAttributes (24ms)
				AfterProcessingInitializeOnLoad (5ms)
				EditorAssembliesLoaded (0ms)
			ExecutionOrderSort2 (0ms)
			AwakeInstancesAfterBackupRestoration (5ms)
Platform modules already initialized, skipping
Refreshing native plugins compatible for Editor in 1.68 ms, found 3 plugins.
Preloading 0 native plugins for Editor in 0.00 ms.
Unloading 3405 Unused Serialized files (Serialized files now loaded: 0)
Unloading 20 unused Assets / (81.3 KB). Loaded Objects now: 3895.
Memory consumption went from 126.7 MB to 126.6 MB.
Total: 2.259400 ms (FindLiveObjects: 0.232200 ms CreateObjectMapping: 0.129600 ms MarkObjects: 1.810300 ms  DeleteObjects: 0.086300 ms)

AssetImportParameters requested are different than current active one (requested -> active):
  custom:video-decoder-ogg-theora: a1e56fd34408186e4bbccfd4996cb3dc -> 
  custom:container-muxer-webm: aa71ff27fc2769a1b78a27578f13a17b -> 
  custom:container-demuxer-webm: 4f35f7cbe854078d1ac9338744f61a02 -> 
  custom:video-encoder-webm-vp8: eb34c28f22e8b96e1ab97ce403110664 -> 
  custom:audio-encoder-webm-vorbis: bf7c407c2cedff20999df2af8eb42d56 -> 
  custom:framework-win-MediaFoundation: 216162199b28c13a410421893ffa2e32 -> 
  custom:container-demuxer-ogg: 62fdf1f143b41e24485cea50d1cbac27 -> 
  custom:video-decoder-webm-vp8: 9c59270c3fd7afecdb556c50c9e8de78 -> 
  custom:audio-decoder-ogg-vorbis: bf7c407c2cedff20999df2af8eb42d56 -> 
========================================================================
Received Prepare
Registering precompiled user dll's ...
Registered in 0.004334 seconds.
Begin MonoManager ReloadAssembly
Symbol file LoadedFromMemory doesn't match image C:\Users\mattf\Cane 2021\Library\PackageCache\com.unity.visualscripting@1.7.8\Editor\VisualScripting.Core\Dependencies\YamlDotNet\Unity.VisualScripting.YamlDotNet.dll
Symbol file LoadedFromMemory doesn't match image C:\Users\mattf\Cane 2021\Library\PackageCache\com.unity.visualscripting@1.7.8\Editor\VisualScripting.Core\Dependencies\DotNetZip\Unity.VisualScripting.IonicZip.dll
Native extension for WindowsStandalone target not found
Native extension for WebGL target not found
Refreshing native plugins compatible for Editor in 0.56 ms, found 3 plugins.
Preloading 0 native plugins for Editor in 0.00 ms.
Mono: successfully reloaded assembly
- Completed reload, in  0.885 seconds
Domain Reload Profiling:
	ReloadAssembly (886ms)
		BeginReloadAssembly (104ms)
			ExecutionOrderSort (0ms)
			DisableScriptedObjects (4ms)
			BackupInstance (0ms)
			ReleaseScriptingObjects (0ms)
			CreateAndSetChildDomain (29ms)
		EndReloadAssembly (708ms)
			LoadAssemblies (62ms)
			RebuildTransferFunctionScriptingTraits (0ms)
			SetupTypeCache (255ms)
			ReleaseScriptCaches (1ms)
			RebuildScriptCaches (40ms)
			SetupLoadedEditorAssemblies (296ms)
				LogAssemblyErrors (0ms)
				InitializePlatformSupportModulesInManaged (11ms)
				SetLoadedEditorAssemblies (0ms)
				RefreshPlugins (1ms)
				BeforeProcessingInitializeOnLoad (59ms)
				ProcessInitializeOnLoadAttributes (198ms)
				ProcessInitializeOnLoadMethodAttributes (22ms)
				AfterProcessingInitializeOnLoad (5ms)
				EditorAssembliesLoaded (0ms)
			ExecutionOrderSort2 (0ms)
			AwakeInstancesAfterBackupRestoration (7ms)
Platform modules already initialized, skipping
Refreshing native plugins compatible for Editor in 2.31 ms, found 3 plugins.
Preloading 0 native plugins for Editor in 0.00 ms.
Unloading 3405 Unused Serialized files (Serialized files now loaded: 0)
Unloading 20 unused Assets / (81.5 KB). Loaded Objects now: 3898.
Memory consumption went from 126.7 MB to 126.6 MB.
Total: 2.403900 ms (FindLiveObjects: 0.241100 ms CreateObjectMapping: 0.133100 ms MarkObjects: 1.941000 ms  DeleteObjects: 0.087500 ms)

AssetImportParameters requested are different than current active one (requested -> active):
  custom:video-decoder-ogg-theora: a1e56fd34408186e4bbccfd4996cb3dc -> 
  custom:container-muxer-webm: aa71ff27fc2769a1b78a27578f13a17b -> 
  custom:container-demuxer-webm: 4f35f7cbe854078d1ac9338744f61a02 -> 
  custom:video-encoder-webm-vp8: eb34c28f22e8b96e1ab97ce403110664 -> 
  custom:audio-encoder-webm-vorbis: bf7c407c2cedff20999df2af8eb42d56 -> 
  custom:framework-win-MediaFoundation: 216162199b28c13a410421893ffa2e32 -> 
  custom:container-demuxer-ogg: 62fdf1f143b41e24485cea50d1cbac27 -> 
  custom:video-decoder-webm-vp8: 9c59270c3fd7afecdb556c50c9e8de78 -> 
  custom:audio-decoder-ogg-vorbis: bf7c407c2cedff20999df2af8eb42d56 -> 
========================================================================
Received Prepare
Registering precompiled user dll's ...
Registered in 0.003286 seconds.
Begin MonoManager ReloadAssembly
Symbol file LoadedFromMemory doesn't match image C:\Users\mattf\Cane 2021\Library\PackageCache\com.unity.visualscripting@1.7.8\Editor\VisualScripting.Core\Dependencies\YamlDotNet\Unity.VisualScripting.YamlDotNet.dll
Symbol file LoadedFromMemory doesn't match image C:\Users\mattf\Cane 2021\Library\PackageCache\com.unity.visualscripting@1.7.8\Editor\VisualScripting.Core\Dependencies\DotNetZip\Unity.VisualScripting.IonicZip.dll
Native extension for WindowsStandalone target not found
Native extension for WebGL target not found
Refreshing native plugins compatible for Editor in 0.70 ms, found 3 plugins.
Preloading 0 native plugins for Editor in 0.00 ms.
Mono: successfully reloaded assembly
- Completed reload, in  0.931 seconds
Domain Reload Profiling:
	ReloadAssembly (932ms)
		BeginReloadAssembly (111ms)
			ExecutionOrderSort (0ms)
			DisableScriptedObjects (6ms)
			BackupInstance (0ms)
			ReleaseScriptingObjects (0ms)
			CreateAndSetChildDomain (31ms)
		EndReloadAssembly (721ms)
			LoadAssemblies (67ms)
			RebuildTransferFunctionScriptingTraits (0ms)
			SetupTypeCache (263ms)
			ReleaseScriptCaches (2ms)
			RebuildScriptCaches (42ms)
			SetupLoadedEditorAssemblies (302ms)
				LogAssemblyErrors (0ms)
				InitializePlatformSupportModulesInManaged (13ms)
				SetLoadedEditorAssemblies (1ms)
				RefreshPlugins (1ms)
				BeforeProcessingInitializeOnLoad (60ms)
				ProcessInitializeOnLoadAttributes (201ms)
				ProcessInitializeOnLoadMethodAttributes (21ms)
				AfterProcessingInitializeOnLoad (5ms)
				EditorAssembliesLoaded (0ms)
			ExecutionOrderSort2 (0ms)
			AwakeInstancesAfterBackupRestoration (6ms)
Platform modules already initialized, skipping
Refreshing native plugins compatible for Editor in 1.40 ms, found 3 plugins.
Preloading 0 native plugins for Editor in 0.00 ms.
Unloading 3405 Unused Serialized files (Serialized files now loaded: 0)
Unloading 20 unused Assets / (81.3 KB). Loaded Objects now: 3901.
Memory consumption went from 126.7 MB to 126.6 MB.
Total: 2.309400 ms (FindLiveObjects: 0.200800 ms CreateObjectMapping: 0.105900 ms MarkObjects: 1.912300 ms  DeleteObjects: 0.089400 ms)

AssetImportParameters requested are different than current active one (requested -> active):
  custom:video-decoder-ogg-theora: a1e56fd34408186e4bbccfd4996cb3dc -> 
  custom:container-muxer-webm: aa71ff27fc2769a1b78a27578f13a17b -> 
  custom:container-demuxer-webm: 4f35f7cbe854078d1ac9338744f61a02 -> 
  custom:video-encoder-webm-vp8: eb34c28f22e8b96e1ab97ce403110664 -> 
  custom:audio-encoder-webm-vorbis: bf7c407c2cedff20999df2af8eb42d56 -> 
  custom:framework-win-MediaFoundation: 216162199b28c13a410421893ffa2e32 -> 
  custom:container-demuxer-ogg: 62fdf1f143b41e24485cea50d1cbac27 -> 
  custom:video-decoder-webm-vp8: 9c59270c3fd7afecdb556c50c9e8de78 -> 
  custom:audio-decoder-ogg-vorbis: bf7c407c2cedff20999df2af8eb42d56 -> 
========================================================================
Received Prepare
Registering precompiled user dll's ...
Registered in 0.003106 seconds.
Begin MonoManager ReloadAssembly
Symbol file LoadedFromMemory doesn't match image C:\Users\mattf\Cane 2021\Library\PackageCache\com.unity.visualscripting@1.7.8\Editor\VisualScripting.Core\Dependencies\YamlDotNet\Unity.VisualScripting.YamlDotNet.dll
Symbol file LoadedFromMemory doesn't match image C:\Users\mattf\Cane 2021\Library\PackageCache\com.unity.visualscripting@1.7.8\Editor\VisualScripting.Core\Dependencies\DotNetZip\Unity.VisualScripting.IonicZip.dll
Native extension for WindowsStandalone target not found
Native extension for WebGL target not found
Refreshing native plugins compatible for Editor in 0.84 ms, found 3 plugins.
Preloading 0 native plugins for Editor in 0.00 ms.
Mono: successfully reloaded assembly
- Completed reload, in  0.911 seconds
Domain Reload Profiling:
	ReloadAssembly (912ms)
		BeginReloadAssembly (105ms)
			ExecutionOrderSort (0ms)
			DisableScriptedObjects (4ms)
			BackupInstance (0ms)
			ReleaseScriptingObjects (0ms)
			CreateAndSetChildDomain (28ms)
		EndReloadAssembly (713ms)
			LoadAssemblies (61ms)
			RebuildTransferFunctionScriptingTraits (0ms)
			SetupTypeCache (258ms)
			ReleaseScriptCaches (2ms)
			RebuildScriptCaches (41ms)
			SetupLoadedEditorAssemblies (306ms)
				LogAssemblyErrors (0ms)
				InitializePlatformSupportModulesInManaged (12ms)
				SetLoadedEditorAssemblies (1ms)
				RefreshPlugins (1ms)
				BeforeProcessingInitializeOnLoad (64ms)
				ProcessInitializeOnLoadAttributes (200ms)
				ProcessInitializeOnLoadMethodAttributes (23ms)
				AfterProcessingInitializeOnLoad (5ms)
				EditorAssembliesLoaded (0ms)
			ExecutionOrderSort2 (0ms)
			AwakeInstancesAfterBackupRestoration (7ms)
Platform modules already initialized, skipping
Refreshing native plugins compatible for Editor in 1.48 ms, found 3 plugins.
Preloading 0 native plugins for Editor in 0.00 ms.
Unloading 3405 Unused Serialized files (Serialized files now loaded: 0)
Unloading 20 unused Assets / (81.3 KB). Loaded Objects now: 3904.
Memory consumption went from 126.7 MB to 126.6 MB.
Total: 2.312600 ms (FindLiveObjects: 0.207100 ms CreateObjectMapping: 0.115400 ms MarkObjects: 1.897700 ms  DeleteObjects: 0.091400 ms)

AssetImportParameters requested are different than current active one (requested -> active):
  custom:video-decoder-ogg-theora: a1e56fd34408186e4bbccfd4996cb3dc -> 
  custom:container-muxer-webm: aa71ff27fc2769a1b78a27578f13a17b -> 
  custom:container-demuxer-webm: 4f35f7cbe854078d1ac9338744f61a02 -> 
  custom:video-encoder-webm-vp8: eb34c28f22e8b96e1ab97ce403110664 -> 
  custom:audio-encoder-webm-vorbis: bf7c407c2cedff20999df2af8eb42d56 -> 
  custom:framework-win-MediaFoundation: 216162199b28c13a410421893ffa2e32 -> 
  custom:container-demuxer-ogg: 62fdf1f143b41e24485cea50d1cbac27 -> 
  custom:video-decoder-webm-vp8: 9c59270c3fd7afecdb556c50c9e8de78 -> 
  custom:audio-decoder-ogg-vorbis: bf7c407c2cedff20999df2af8eb42d56 -> 
